=== Training started ===
2025-09-05 12:13:28.562747: I tensorflow/core/util/port.cc:153] oneDNN custom operations are on. You may see slightly different numerical results due to floating-point round-off errors from different computation orders. To turn them off, set the environment variable `TF_ENABLE_ONEDNN_OPTS=0`.
2025-09-05 12:13:29.439872: I tensorflow/core/util/port.cc:153] oneDNN custom operations are on. You may see slightly different numerical results due to floating-point round-off errors from different computation orders. To turn them off, set the environment variable `TF_ENABLE_ONEDNN_OPTS=0`.
C:\Users\Admin\AppData\Local\Programs\Python\Python311\Lib\site-packages\pydantic\_internal\_fields.py:132: UserWarning: Field "model_name" in ModelResult has conflict with protected namespace "model_".

You may be able to resolve this warning by setting `model_config['protected_namespaces'] = ()`.
  warnings.warn(
2025-09-05 12:13:31.186705: I tensorflow/core/platform/cpu_feature_guard.cc:210] This TensorFlow binary is optimized to use available CPU instructions in performance-critical operations.
To enable the following instructions: SSE3 SSE4.1 SSE4.2 AVX AVX2 FMA, in other operations, rebuild TensorFlow with the appropriate compiler flags.
Removed session_id column from features
Feature columns: ['f1', 'f2', 'f3', 'f4', 'f5', 'roll', 'pitch', 'yaw', 'gx', 'gy', 'gz']
Label values: ['Are' 'Hello' 'No' 'Rest' 'Students' 'We' 'Yes']
Processed feature shape: (7953, 11)
Number of classes: 7
Model architecture optimized for 11-feature single-hand input
Model: "sequential"
+--------------------------------------------------------------------------+
| Layer (type)                    | Output Shape           |       Param # |
|---------------------------------+------------------------+---------------|
| dense (Dense)                   | (None, 32)             |           384 |
|---------------------------------+------------------------+---------------|
| dense_1 (Dense)                 | (None, 16)             |           528 |
|---------------------------------+------------------------+---------------|
| dense_2 (Dense)                 | (None, 7)              |           119 |
+--------------------------------------------------------------------------+
 Total params: 1,031 (4.03 KB)
 Trainable params: 1,031 (4.03 KB)
 Non-trainable params: 0 (0.00 B)
Epoch 1/100

[1m  1/358[0m [37m====================[0m [1m4:32[0m 762ms/step - accuracy: 0.0625 - loss: 1.9268
[1m 66/358[0m [32m===[0m[37m=================[0m [1m0s[0m 776us/step - accuracy: 0.1429 - loss: 1.9284  
[1m140/358[0m [32m=======[0m[37m=============[0m [1m0s[0m 730us/step - accuracy: 0.2494 - loss: 1.8824
[1m217/358[0m [32m============[0m[37m========[0m [1m0s[0m 706us/step - accuracy: 0.3239 - loss: 1.8265
[1m291/358[0m [32m================[0m[37m====[0m [1m0s[0m 699us/step - accuracy: 0.3746 - loss: 1.7683
[1m358/358[0m [32m====================[0m[37m[0m [1m1s[0m 1ms/step - accuracy: 0.4106 - loss: 1.7137 - val_accuracy: 0.7394 - val_loss: 0.8850
Epoch 2/100

[1m  1/358[0m [37m====================[0m [1m6s[0m 18ms/step - accuracy: 0.8750 - loss: 0.5627
[1m 73/358[0m [32m====[0m[37m================[0m [1m0s[0m 696us/step - accuracy: 0.7599 - loss: 0.8328
[1m147/358[0m [32m========[0m[37m============[0m [1m0s[0m 690us/step - accuracy: 0.7662 - loss: 0.8112
[1m221/358[0m [32m============[0m[37m========[0m [1m0s[0m 686us/step - accuracy: 0.7733 - loss: 0.7887
[1m295/358[0m [32m================[0m[37m====[0m [1m0s[0m 689us/step - accuracy: 0.7783 - loss: 0.7673
[1m358/358[0m [32m====================[0m[37m[0m [1m0s[0m 885us/step - accuracy: 0.7823 - loss: 0.7506 - val_accuracy: 0.8524 - val_loss: 0.5163
Epoch 3/100

[1m  1/358[0m [37m====================[0m [1m6s[0m 19ms/step - accuracy: 0.9375 - loss: 0.2716
[1m 76/358[0m [32m====[0m[37m================[0m [1m0s[0m 677us/step - accuracy: 0.8593 - loss: 0.4731
[1m152/358[0m [32m========[0m[37m============[0m [1m0s[0m 668us/step - accuracy: 0.8562 - loss: 0.4795
[1m228/358[0m [32m============[0m[37m========[0m [1m0s[0m 666us/step - accuracy: 0.8559 - loss: 0.4778
[1m304/358[0m [32m================[0m[37m====[0m [1m0s[0m 665us/step - accuracy: 0.8554 - loss: 0.4751
[1m358/358[0m [32m====================[0m[37m[0m [1m0s[0m 853us/step - accuracy: 0.8555 - loss: 0.4721 - val_accuracy: 0.8477 - val_loss: 0.4039
Epoch 4/100

[1m  1/358[0m [37m====================[0m [1m7s[0m 21ms/step - accuracy: 0.9375 - loss: 0.3864
[1m 76/358[0m [32m====[0m[37m================[0m [1m0s[0m 675us/step - accuracy: 0.8776 - loss: 0.4251
[1m153/358[0m [32m========[0m[37m============[0m [1m0s[0m 668us/step - accuracy: 0.8778 - loss: 0.4076
[1m230/358[0m [32m============[0m[37m========[0m [1m0s[0m 665us/step - accuracy: 0.8780 - loss: 0.3994
[1m306/358[0m [32m=================[0m[37m===[0m [1m0s[0m 666us/step - accuracy: 0.8779 - loss: 0.3933
[1m358/358[0m [32m====================[0m[37m[0m [1m0s[0m 856us/step - accuracy: 0.8778 - loss: 0.3895 - val_accuracy: 0.8556 - val_loss: 0.3498
Epoch 5/100

[1m  1/358[0m [37m====================[0m [1m6s[0m 18ms/step - accuracy: 1.0000 - loss: 0.2127
[1m 76/358[0m [32m====[0m[37m================[0m [1m0s[0m 680us/step - accuracy: 0.8833 - loss: 0.3262
[1m146/358[0m [32m========[0m[37m============[0m [1m0s[0m 697us/step - accuracy: 0.8805 - loss: 0.3256
[1m220/358[0m [32m============[0m[37m========[0m [1m0s[0m 690us/step - accuracy: 0.8808 - loss: 0.3255
[1m294/358[0m [32m================[0m[37m====[0m [1m0s[0m 687us/step - accuracy: 0.8822 - loss: 0.3241
[1m358/358[0m [32m====================[0m[37m[0m [1m0s[0m 871us/step - accuracy: 0.8828 - loss: 0.3237 - val_accuracy: 0.8807 - val_loss: 0.3076
Epoch 6/100

[1m  1/358[0m [37m====================[0m [1m6s[0m 18ms/step - accuracy: 0.6875 - loss: 0.5633
[1m 75/358[0m [32m====[0m[37m================[0m [1m0s[0m 678us/step - accuracy: 0.8806 - loss: 0.3458
[1m152/358[0m [32m========[0m[37m============[0m [1m0s[0m 670us/step - accuracy: 0.8831 - loss: 0.3288
[1m228/358[0m [32m============[0m[37m========[0m [1m0s[0m 667us/step - accuracy: 0.8859 - loss: 0.3206
[1m304/358[0m [32m================[0m[37m====[0m [1m0s[0m 667us/step - accuracy: 0.8886 - loss: 0.3141
[1m358/358[0m [32m====================[0m[37m[0m [1m0s[0m 856us/step - accuracy: 0.8902 - loss: 0.3103 - val_accuracy: 0.8932 - val_loss: 0.2837
Epoch 7/100

[1m  1/358[0m [37m====================[0m [1m6s[0m 18ms/step - accuracy: 0.7500 - loss: 0.4182
[1m 74/358[0m [32m====[0m[37m================[0m [1m0s[0m 691us/step - accuracy: 0.9003 - loss: 0.2715
[1m149/358[0m [32m========[0m[37m============[0m [1m0s[0m 680us/step - accuracy: 0.9033 - loss: 0.2693
[1m225/358[0m [32m============[0m[37m========[0m [1m0s[0m 674us/step - accuracy: 0.9038 - loss: 0.2688
[1m300/358[0m [32m================[0m[37m====[0m [1m0s[0m 674us/step - accuracy: 0.9042 - loss: 0.2693
[1m358/358[0m [32m====================[0m[37m[0m [1m0s[0m 868us/step - accuracy: 0.9045 - loss: 0.2693 - val_accuracy: 0.8995 - val_loss: 0.2651
Epoch 8/100

[1m  1/358[0m [37m====================[0m [1m6s[0m 18ms/step - accuracy: 1.0000 - loss: 0.0677
[1m 76/358[0m [32m====[0m[37m================[0m [1m0s[0m 668us/step - accuracy: 0.9296 - loss: 0.2242
[1m151/358[0m [32m========[0m[37m============[0m [1m0s[0m 674us/step - accuracy: 0.9198 - loss: 0.2443
[1m227/358[0m [32m============[0m[37m========[0m [1m0s[0m 672us/step - accuracy: 0.9165 - loss: 0.2490
[1m302/358[0m [32m================[0m[37m====[0m [1m0s[0m 672us/step - accuracy: 0.9158 - loss: 0.2498
[1m358/358[0m [32m====================[0m[37m[0m [1m0s[0m 863us/step - accuracy: 0.9158 - loss: 0.2498 - val_accuracy: 0.9089 - val_loss: 0.2523
Epoch 9/100

[1m  1/358[0m [37m====================[0m [1m6s[0m 20ms/step - accuracy: 0.9375 - loss: 0.2805
[1m 76/358[0m [32m====[0m[37m================[0m [1m0s[0m 673us/step - accuracy: 0.9205 - loss: 0.2141
[1m152/358[0m [32m========[0m[37m============[0m [1m0s[0m 670us/step - accuracy: 0.9154 - loss: 0.2258
[1m221/358[0m [32m============[0m[37m========[0m [1m0s[0m 687us/step - accuracy: 0.9143 - loss: 0.2309
[1m290/358[0m [32m================[0m[37m====[0m [1m0s[0m 696us/step - accuracy: 0.9146 - loss: 0.2323
[1m358/358[0m [32m====================[0m[37m[0m [1m0s[0m 877us/step - accuracy: 0.9150 - loss: 0.2329 - val_accuracy: 0.9184 - val_loss: 0.2431
Epoch 10/100

[1m  1/358[0m [37m====================[0m [1m6s[0m 18ms/step - accuracy: 0.8750 - loss: 0.2763
[1m 77/358[0m [32m====[0m[37m================[0m [1m0s[0m 667us/step - accuracy: 0.9141 - loss: 0.2680
[1m153/358[0m [32m========[0m[37m============[0m [1m0s[0m 666us/step - accuracy: 0.9176 - loss: 0.2523
[1m231/358[0m [32m============[0m[37m========[0m [1m0s[0m 661us/step - accuracy: 0.9200 - loss: 0.2433
[1m306/358[0m [32m=================[0m[37m===[0m [1m0s[0m 663us/step - accuracy: 0.9213 - loss: 0.2384
[1m358/358[0m [32m====================[0m[37m[0m [1m0s[0m 852us/step - accuracy: 0.9220 - loss: 0.2361 - val_accuracy: 0.9152 - val_loss: 0.2304
Epoch 11/100

[1m  1/358[0m [37m====================[0m [1m6s[0m 18ms/step - accuracy: 0.8750 - loss: 0.2954
[1m 76/358[0m [32m====[0m[37m================[0m [1m0s[0m 667us/step - accuracy: 0.9172 - loss: 0.2316
[1m149/358[0m [32m========[0m[37m============[0m [1m0s[0m 677us/step - accuracy: 0.9248 - loss: 0.2222
[1m222/358[0m [32m============[0m[37m========[0m [1m0s[0m 684us/step - accuracy: 0.9283 - loss: 0.2154
[1m298/358[0m [32m================[0m[37m====[0m [1m0s[0m 680us/step - accuracy: 0.9291 - loss: 0.2142
[1m358/358[0m [32m====================[0m[37m[0m [1m0s[0m 874us/step - accuracy: 0.9294 - loss: 0.2137 - val_accuracy: 0.9184 - val_loss: 0.2263
Epoch 12/100

[1m  1/358[0m [37m====================[0m [1m6s[0m 19ms/step - accuracy: 1.0000 - loss: 0.1070
[1m 77/358[0m [32m====[0m[37m================[0m [1m0s[0m 658us/step - accuracy: 0.9391 - loss: 0.2080
[1m155/358[0m [32m========[0m[37m============[0m [1m0s[0m 656us/step - accuracy: 0.9388 - loss: 0.2055
[1m231/358[0m [32m============[0m[37m========[0m [1m0s[0m 658us/step - accuracy: 0.9383 - loss: 0.2045
[1m308/358[0m [32m=================[0m[37m===[0m [1m0s[0m 657us/step - accuracy: 0.9375 - loss: 0.2050
[1m358/358[0m [32m====================[0m[37m[0m [1m0s[0m 847us/step - accuracy: 0.9371 - loss: 0.2050 - val_accuracy: 0.9262 - val_loss: 0.2196
Epoch 13/100

[1m  1/358[0m [37m====================[0m [1m7s[0m 20ms/step - accuracy: 0.8750 - loss: 0.1498
[1m 76/358[0m [32m====[0m[37m================[0m [1m0s[0m 667us/step - accuracy: 0.9390 - loss: 0.1827
[1m148/358[0m [32m========[0m[37m============[0m [1m0s[0m 685us/step - accuracy: 0.9381 - loss: 0.1921
[1m223/358[0m [32m============[0m[37m========[0m [1m0s[0m 679us/step - accuracy: 0.9379 - loss: 0.1948
[1m297/358[0m [32m================[0m[37m====[0m [1m0s[0m 679us/step - accuracy: 0.9379 - loss: 0.1963
[1m358/358[0m [32m====================[0m[37m[0m [1m0s[0m 882us/step - accuracy: 0.9382 - loss: 0.1964 - val_accuracy: 0.9246 - val_loss: 0.2153
Epoch 14/100

[1m  1/358[0m [37m====================[0m [1m6s[0m 18ms/step - accuracy: 1.0000 - loss: 0.0775
[1m 78/358[0m [32m====[0m[37m================[0m [1m0s[0m 658us/step - accuracy: 0.9380 - loss: 0.1745
[1m153/358[0m [32m========[0m[37m============[0m [1m0s[0m 663us/step - accuracy: 0.9365 - loss: 0.1800
[1m228/358[0m [32m============[0m[37m========[0m [1m0s[0m 664us/step - accuracy: 0.9365 - loss: 0.1825
[1m302/358[0m [32m================[0m[37m====[0m [1m0s[0m 669us/step - accuracy: 0.9363 - loss: 0.1847
[1m358/358[0m [32m====================[0m[37m[0m [1m0s[0m 856us/step - accuracy: 0.9362 - loss: 0.1863 - val_accuracy: 0.9262 - val_loss: 0.2073
Epoch 15/100

[1m  1/358[0m [37m====================[0m [1m6s[0m 18ms/step - accuracy: 1.0000 - loss: 0.0707
[1m 76/358[0m [32m====[0m[37m================[0m [1m0s[0m 675us/step - accuracy: 0.9511 - loss: 0.1655
[1m151/358[0m [32m========[0m[37m============[0m [1m0s[0m 676us/step - accuracy: 0.9486 - loss: 0.1670
[1m222/358[0m [32m============[0m[37m========[0m [1m0s[0m 688us/step - accuracy: 0.9463 - loss: 0.1704
[1m298/358[0m [32m================[0m[37m====[0m [1m0s[0m 682us/step - accuracy: 0.9450 - loss: 0.1739
[1m358/358[0m [32m====================[0m[37m[0m [1m0s[0m 863us/step - accuracy: 0.9442 - loss: 0.1761 - val_accuracy: 0.9231 - val_loss: 0.2069
Epoch 16/100

[1m  1/358[0m [37m====================[0m [1m6s[0m 18ms/step - accuracy: 0.8750 - loss: 0.1547
[1m 76/358[0m [32m====[0m[37m================[0m [1m0s[0m 669us/step - accuracy: 0.9235 - loss: 0.2285
[1m153/358[0m [32m========[0m[37m============[0m [1m0s[0m 664us/step - accuracy: 0.9307 - loss: 0.2173
[1m229/358[0m [32m============[0m[37m========[0m [1m0s[0m 665us/step - accuracy: 0.9339 - loss: 0.2100
[1m305/358[0m [32m=================[0m[37m===[0m [1m0s[0m 663us/step - accuracy: 0.9361 - loss: 0.2040
[1m358/358[0m [32m====================[0m[37m[0m [1m0s[0m 859us/step - accuracy: 0.9369 - loss: 0.2010 - val_accuracy: 0.9341 - val_loss: 0.2082
Epoch 17/100

[1m  1/358[0m [37m====================[0m [1m6s[0m 19ms/step - accuracy: 1.0000 - loss: 0.0830
[1m 73/358[0m [32m====[0m[37m================[0m [1m0s[0m 698us/step - accuracy: 0.9388 - loss: 0.1801
[1m145/358[0m [32m========[0m[37m============[0m [1m0s[0m 697us/step - accuracy: 0.9372 - loss: 0.1825
[1m213/358[0m [32m===========[0m[37m=========[0m [1m0s[0m 713us/step - accuracy: 0.9381 - loss: 0.1832
[1m288/358[0m [32m================[0m[37m====[0m [1m0s[0m 705us/step - accuracy: 0.9387 - loss: 0.1832
[1m358/358[0m [32m====================[0m[37m[0m [1m0s[0m 890us/step - accuracy: 0.9389 - loss: 0.1835 - val_accuracy: 0.9325 - val_loss: 0.2018
Epoch 18/100

[1m  1/358[0m [37m====================[0m [1m6s[0m 19ms/step - accuracy: 1.0000 - loss: 0.1031
[1m 77/358[0m [32m====[0m[37m================[0m [1m0s[0m 667us/step - accuracy: 0.9581 - loss: 0.1659
[1m154/358[0m [32m========[0m[37m============[0m [1m0s[0m 660us/step - accuracy: 0.9516 - loss: 0.1767
[1m231/358[0m [32m============[0m[37m========[0m [1m0s[0m 660us/step - accuracy: 0.9490 - loss: 0.1792
[1m306/358[0m [32m=================[0m[37m===[0m [1m0s[0m 662us/step - accuracy: 0.9474 - loss: 0.1795
[1m358/358[0m [32m====================[0m[37m[0m [1m0s[0m 852us/step - accuracy: 0.9467 - loss: 0.1796 - val_accuracy: 0.9294 - val_loss: 0.1968
Epoch 19/100

[1m  1/358[0m [37m====================[0m [1m6s[0m 19ms/step - accuracy: 0.8750 - loss: 0.2385
[1m 77/358[0m [32m====[0m[37m================[0m [1m0s[0m 663us/step - accuracy: 0.9326 - loss: 0.1697
[1m151/358[0m [32m========[0m[37m============[0m [1m0s[0m 672us/step - accuracy: 0.9355 - loss: 0.1743
[1m224/358[0m [32m============[0m[37m========[0m [1m0s[0m 677us/step - accuracy: 0.9381 - loss: 0.1741
[1m296/358[0m [32m================[0m[37m====[0m [1m0s[0m 685us/step - accuracy: 0.9397 - loss: 0.1737
[1m358/358[0m [32m====================[0m[37m[0m [1m0s[0m 877us/step - accuracy: 0.9404 - loss: 0.1737 - val_accuracy: 0.9372 - val_loss: 0.1942
Epoch 20/100

[1m  1/358[0m [37m====================[0m [1m6s[0m 19ms/step - accuracy: 0.9375 - loss: 0.1922
[1m 75/358[0m [32m====[0m[37m================[0m [1m0s[0m 676us/step - accuracy: 0.9406 - loss: 0.1994
[1m150/358[0m [32m========[0m[37m============[0m [1m0s[0m 673us/step - accuracy: 0.9400 - loss: 0.1979
[1m224/358[0m [32m============[0m[37m========[0m [1m0s[0m 675us/step - accuracy: 0.9396 - loss: 0.1948
[1m298/358[0m [32m================[0m[37m====[0m [1m0s[0m 677us/step - accuracy: 0.9400 - loss: 0.1915
[1m358/358[0m [32m====================[0m[37m[0m [1m0s[0m 883us/step - accuracy: 0.9406 - loss: 0.1887 - val_accuracy: 0.9341 - val_loss: 0.1969
Epoch 21/100

[1m  1/358[0m [37m====================[0m [1m6s[0m 20ms/step - accuracy: 0.8125 - loss: 0.2513
[1m 76/358[0m [32m====[0m[37m================[0m [1m0s[0m 670us/step - accuracy: 0.9316 - loss: 0.1843
[1m152/358[0m [32m========[0m[37m============[0m [1m0s[0m 667us/step - accuracy: 0.9371 - loss: 0.1798
[1m226/358[0m [32m============[0m[37m========[0m [1m0s[0m 671us/step - accuracy: 0.9391 - loss: 0.1765
[1m302/358[0m [32m================[0m[37m====[0m [1m0s[0m 670us/step - accuracy: 0.9399 - loss: 0.1752
[1m358/358[0m [32m====================[0m[37m[0m [1m0s[0m 855us/step - accuracy: 0.9407 - loss: 0.1737 - val_accuracy: 0.9356 - val_loss: 0.1914
Epoch 22/100

[1m  1/358[0m [37m====================[0m [1m6s[0m 18ms/step - accuracy: 0.9375 - loss: 0.2380
[1m 77/358[0m [32m====[0m[37m================[0m [1m0s[0m 659us/step - accuracy: 0.9644 - loss: 0.1341
[1m154/358[0m [32m========[0m[37m============[0m [1m0s[0m 658us/step - accuracy: 0.9582 - loss: 0.1414
[1m231/358[0m [32m============[0m[37m========[0m [1m0s[0m 656us/step - accuracy: 0.9543 - loss: 0.1473
[1m308/358[0m [32m=================[0m[37m===[0m [1m0s[0m 656us/step - accuracy: 0.9522 - loss: 0.1512
[1m358/358[0m [32m====================[0m[37m[0m [1m0s[0m 845us/step - accuracy: 0.9510 - loss: 0.1535 - val_accuracy: 0.9372 - val_loss: 0.1921
Epoch 23/100

[1m  1/358[0m [37m====================[0m [1m6s[0m 19ms/step - accuracy: 0.9375 - loss: 0.1433
[1m 76/358[0m [32m====[0m[37m================[0m [1m0s[0m 675us/step - accuracy: 0.9459 - loss: 0.1733
[1m155/358[0m [32m========[0m[37m============[0m [1m0s[0m 659us/step - accuracy: 0.9450 - loss: 0.1699
[1m225/358[0m [32m============[0m[37m========[0m [1m0s[0m 677us/step - accuracy: 0.9447 - loss: 0.1681
[1m296/358[0m [32m================[0m[37m====[0m [1m0s[0m 686us/step - accuracy: 0.9441 - loss: 0.1679
[1m358/358[0m [32m====================[0m[37m[0m [1m0s[0m 872us/step - accuracy: 0.9437 - loss: 0.1676 - val_accuracy: 0.9356 - val_loss: 0.1904
Epoch 24/100

[1m  1/358[0m [37m====================[0m [1m6s[0m 18ms/step - accuracy: 1.0000 - loss: 0.0655
[1m 78/358[0m [32m====[0m[37m================[0m [1m0s[0m 657us/step - accuracy: 0.9543 - loss: 0.1372
[1m154/358[0m [32m========[0m[37m============[0m [1m0s[0m 659us/step - accuracy: 0.9491 - loss: 0.1481
[1m230/358[0m [32m============[0m[37m========[0m [1m0s[0m 660us/step - accuracy: 0.9481 - loss: 0.1500
[1m308/358[0m [32m=================[0m[37m===[0m [1m0s[0m 658us/step - accuracy: 0.9475 - loss: 0.1526
[1m358/358[0m [32m====================[0m[37m[0m [1m0s[0m 847us/step - accuracy: 0.9472 - loss: 0.1543 - val_accuracy: 0.9356 - val_loss: 0.1817
Epoch 25/100

[1m  1/358[0m [37m====================[0m [1m6s[0m 19ms/step - accuracy: 0.9375 - loss: 0.2903
[1m 76/358[0m [32m====[0m[37m================[0m [1m0s[0m 679us/step - accuracy: 0.9484 - loss: 0.1519
[1m150/358[0m [32m========[0m[37m============[0m [1m0s[0m 681us/step - accuracy: 0.9469 - loss: 0.1539
[1m227/358[0m [32m============[0m[37m========[0m [1m0s[0m 672us/step - accuracy: 0.9464 - loss: 0.1569
[1m302/358[0m [32m================[0m[37m====[0m [1m0s[0m 671us/step - accuracy: 0.9461 - loss: 0.1585
[1m358/358[0m [32m====================[0m[37m[0m [1m0s[0m 861us/step - accuracy: 0.9460 - loss: 0.1588 - val_accuracy: 0.9372 - val_loss: 0.1891
Epoch 26/100

[1m  1/358[0m [37m====================[0m [1m7s[0m 20ms/step - accuracy: 1.0000 - loss: 0.1346
[1m 75/358[0m [32m====[0m[37m================[0m [1m0s[0m 679us/step - accuracy: 0.9436 - loss: 0.1523
[1m151/358[0m [32m========[0m[37m============[0m [1m0s[0m 672us/step - accuracy: 0.9432 - loss: 0.1559
[1m227/358[0m [32m============[0m[37m========[0m [1m0s[0m 668us/step - accuracy: 0.9428 - loss: 0.1586
[1m302/358[0m [32m================[0m[37m====[0m [1m0s[0m 670us/step - accuracy: 0.9428 - loss: 0.1597
[1m358/358[0m [32m====================[0m[37m[0m [1m0s[0m 867us/step - accuracy: 0.9428 - loss: 0.1600 - val_accuracy: 0.9356 - val_loss: 0.1826
Epoch 27/100

[1m  1/358[0m [37m====================[0m [1m6s[0m 20ms/step - accuracy: 0.9375 - loss: 0.1016
[1m 77/358[0m [32m====[0m[37m================[0m [1m0s[0m 665us/step - accuracy: 0.9549 - loss: 0.1378
[1m154/358[0m [32m========[0m[37m============[0m [1m0s[0m 663us/step - accuracy: 0.9512 - loss: 0.1415
[1m230/358[0m [32m============[0m[37m========[0m [1m0s[0m 662us/step - accuracy: 0.9498 - loss: 0.1443
[1m306/358[0m [32m=================[0m[37m===[0m [1m0s[0m 662us/step - accuracy: 0.9490 - loss: 0.1464
[1m358/358[0m [32m====================[0m[37m[0m [1m0s[0m 846us/step - accuracy: 0.9485 - loss: 0.1478 - val_accuracy: 0.9341 - val_loss: 0.1904
Epoch 28/100

[1m  1/358[0m [37m====================[0m [1m6s[0m 19ms/step - accuracy: 1.0000 - loss: 0.0375
[1m 78/358[0m [32m====[0m[37m================[0m [1m0s[0m 658us/step - accuracy: 0.9602 - loss: 0.1271
[1m154/358[0m [32m========[0m[37m============[0m [1m0s[0m 663us/step - accuracy: 0.9561 - loss: 0.1356
[1m230/358[0m [32m============[0m[37m========[0m [1m0s[0m 662us/step - accuracy: 0.9533 - loss: 0.1415
[1m306/358[0m [32m=================[0m[37m===[0m [1m0s[0m 661us/step - accuracy: 0.9514 - loss: 0.1452
[1m358/358[0m [32m====================[0m[37m[0m [1m0s[0m 852us/step - accuracy: 0.9507 - loss: 0.1466 - val_accuracy: 0.9262 - val_loss: 0.1811
Epoch 29/100

[1m  1/358[0m [37m====================[0m [1m6s[0m 18ms/step - accuracy: 0.9375 - loss: 0.1354
[1m 75/358[0m [32m====[0m[37m================[0m [1m0s[0m 681us/step - accuracy: 0.9400 - loss: 0.1543
[1m153/358[0m [32m========[0m[37m============[0m [1m0s[0m 665us/step - accuracy: 0.9438 - loss: 0.1585
[1m232/358[0m [32m============[0m[37m========[0m [1m0s[0m 658us/step - accuracy: 0.9463 - loss: 0.1561
[1m305/358[0m [32m=================[0m[37m===[0m [1m0s[0m 667us/step - accuracy: 0.9476 - loss: 0.1547
[1m358/358[0m [32m====================[0m[37m[0m [1m0s[0m 865us/step - accuracy: 0.9477 - loss: 0.1547 - val_accuracy: 0.9372 - val_loss: 0.1761
Epoch 30/100

[1m  1/358[0m [37m====================[0m [1m6s[0m 19ms/step - accuracy: 1.0000 - loss: 0.0649
[1m 78/358[0m [32m====[0m[37m================[0m [1m0s[0m 654us/step - accuracy: 0.9291 - loss: 0.1666
[1m154/358[0m [32m========[0m[37m============[0m [1m0s[0m 656us/step - accuracy: 0.9350 - loss: 0.1627
[1m231/358[0m [32m============[0m[37m========[0m [1m0s[0m 655us/step - accuracy: 0.9384 - loss: 0.1602
[1m309/358[0m [32m=================[0m[37m===[0m [1m0s[0m 655us/step - accuracy: 0.9404 - loss: 0.1579
[1m358/358[0m [32m====================[0m[37m[0m [1m0s[0m 864us/step - accuracy: 0.9413 - loss: 0.1572 - val_accuracy: 0.9372 - val_loss: 0.1769
Epoch 31/100

[1m  1/358[0m [37m====================[0m [1m7s[0m 20ms/step - accuracy: 0.9375 - loss: 0.1350
[1m 73/358[0m [32m====[0m[37m================[0m [1m0s[0m 707us/step - accuracy: 0.9484 - loss: 0.1414
[1m144/358[0m [32m========[0m[37m============[0m [1m0s[0m 712us/step - accuracy: 0.9470 - loss: 0.1453
[1m215/358[0m [32m============[0m[37m========[0m [1m0s[0m 712us/step - accuracy: 0.9458 - loss: 0.1475
[1m285/358[0m [32m===============[0m[37m=====[0m [1m0s[0m 713us/step - accuracy: 0.9451 - loss: 0.1494
[1m355/358[0m [32m===================[0m[37m=[0m [1m0s[0m 716us/step - accuracy: 0.9451 - loss: 0.1504
[1m358/358[0m [32m====================[0m[37m[0m [1m0s[0m 951us/step - accuracy: 0.9451 - loss: 0.1504 - val_accuracy: 0.9372 - val_loss: 0.1770
Epoch 32/100

[1m  1/358[0m [37m====================[0m [1m9s[0m 27ms/step - accuracy: 1.0000 - loss: 0.0975
[1m 65/358[0m [32m===[0m[37m=================[0m [1m0s[0m 797us/step - accuracy: 0.9524 - loss: 0.1430
[1m139/358[0m [32m=======[0m[37m=============[0m [1m0s[0m 736us/step - accuracy: 0.9525 - loss: 0.1437
[1m211/358[0m [32m===========[0m[37m=========[0m [1m0s[0m 723us/step - accuracy: 0.9514 - loss: 0.1454
[1m283/358[0m [32m===============[0m[37m=====[0m [1m0s[0m 717us/step - accuracy: 0.9505 - loss: 0.1468
[1m356/358[0m [32m===================[0m[37m=[0m [1m0s[0m 713us/step - accuracy: 0.9503 - loss: 0.1472
[1m358/358[0m [32m====================[0m[37m[0m [1m0s[0m 912us/step - accuracy: 0.9503 - loss: 0.1472 - val_accuracy: 0.9372 - val_loss: 0.1756
Epoch 33/100

[1m  1/358[0m [37m====================[0m [1m6s[0m 18ms/step - accuracy: 0.9375 - loss: 0.1143
[1m 74/358[0m [32m====[0m[37m================[0m [1m0s[0m 692us/step - accuracy: 0.9365 - loss: 0.1674
[1m150/358[0m [32m========[0m[37m============[0m [1m0s[0m 675us/step - accuracy: 0.9407 - loss: 0.1592
[1m226/358[0m [32m============[0m[37m========[0m [1m0s[0m 672us/step - accuracy: 0.9426 - loss: 0.1553
[1m303/358[0m [32m================[0m[37m====[0m [1m0s[0m 668us/step - accuracy: 0.9441 - loss: 0.1527
[1m358/358[0m [32m====================[0m[37m[0m [1m0s[0m 853us/step - accuracy: 0.9449 - loss: 0.1516 - val_accuracy: 0.9372 - val_loss: 0.1737
Epoch 34/100

[1m  1/358[0m [37m====================[0m [1m6s[0m 18ms/step - accuracy: 1.0000 - loss: 0.0693
[1m 77/358[0m [32m====[0m[37m================[0m [1m0s[0m 668us/step - accuracy: 0.9544 - loss: 0.1304
[1m154/358[0m [32m========[0m[37m============[0m [1m0s[0m 660us/step - accuracy: 0.9530 - loss: 0.1366
[1m231/358[0m [32m============[0m[37m========[0m [1m0s[0m 658us/step - accuracy: 0.9526 - loss: 0.1383
[1m308/358[0m [32m=================[0m[37m===[0m [1m0s[0m 656us/step - accuracy: 0.9514 - loss: 0.1404
[1m358/358[0m [32m====================[0m[37m[0m [1m0s[0m 846us/step - accuracy: 0.9508 - loss: 0.1413 - val_accuracy: 0.9372 - val_loss: 0.1772
Epoch 35/100

[1m  1/358[0m [37m====================[0m [1m6s[0m 17ms/step - accuracy: 0.9375 - loss: 0.1039
[1m 68/358[0m [32m===[0m[37m=================[0m [1m0s[0m 756us/step - accuracy: 0.9488 - loss: 0.1397
[1m137/358[0m [32m=======[0m[37m=============[0m [1m0s[0m 740us/step - accuracy: 0.9533 - loss: 0.1358
[1m205/358[0m [32m===========[0m[37m=========[0m [1m0s[0m 739us/step - accuracy: 0.9533 - loss: 0.1355
[1m268/358[0m [32m==============[0m[37m======[0m [1m0s[0m 753us/step - accuracy: 0.9519 - loss: 0.1384
[1m334/358[0m [32m==================[0m[37m==[0m [1m0s[0m 756us/step - accuracy: 0.9512 - loss: 0.1401
[1m358/358[0m [32m====================[0m[37m[0m [1m0s[0m 945us/step - accuracy: 0.9510 - loss: 0.1405 - val_accuracy: 0.9246 - val_loss: 0.1740
Epoch 36/100

[1m  1/358[0m [37m====================[0m [1m6s[0m 18ms/step - accuracy: 0.9375 - loss: 0.1292
[1m 77/358[0m [32m====[0m[37m================[0m [1m0s[0m 660us/step - accuracy: 0.9550 - loss: 0.1431
[1m154/358[0m [32m========[0m[37m============[0m [1m0s[0m 656us/step - accuracy: 0.9522 - loss: 0.1402
[1m230/358[0m [32m============[0m[37m========[0m [1m0s[0m 659us/step - accuracy: 0.9508 - loss: 0.1400
[1m306/358[0m [32m=================[0m[37m===[0m [1m0s[0m 659us/step - accuracy: 0.9500 - loss: 0.1395
[1m358/358[0m [32m====================[0m[37m[0m [1m0s[0m 848us/step - accuracy: 0.9497 - loss: 0.1396 - val_accuracy: 0.9388 - val_loss: 0.1727
Epoch 37/100

[1m  1/358[0m [37m====================[0m [1m6s[0m 19ms/step - accuracy: 1.0000 - loss: 0.0655
[1m 74/358[0m [32m====[0m[37m================[0m [1m0s[0m 690us/step - accuracy: 0.9449 - loss: 0.1537
[1m151/358[0m [32m========[0m[37m============[0m [1m0s[0m 672us/step - accuracy: 0.9453 - loss: 0.1565
[1m224/358[0m [32m============[0m[37m========[0m [1m0s[0m 678us/step - accuracy: 0.9469 - loss: 0.1540
[1m294/358[0m [32m================[0m[37m====[0m [1m0s[0m 690us/step - accuracy: 0.9476 - loss: 0.1511
[1m358/358[0m [32m====================[0m[37m[0m [1m0s[0m 893us/step - accuracy: 0.9478 - loss: 0.1493 - val_accuracy: 0.9372 - val_loss: 0.1758
Epoch 38/100

[1m  1/358[0m [37m====================[0m [1m6s[0m 18ms/step - accuracy: 1.0000 - loss: 0.0581
[1m 72/358[0m [32m====[0m[37m================[0m [1m0s[0m 711us/step - accuracy: 0.9541 - loss: 0.1355
[1m145/358[0m [32m========[0m[37m============[0m [1m0s[0m 699us/step - accuracy: 0.9525 - loss: 0.1402
[1m215/358[0m [32m============[0m[37m========[0m [1m0s[0m 706us/step - accuracy: 0.9507 - loss: 0.1422
[1m287/358[0m [32m================[0m[37m====[0m [1m0s[0m 704us/step - accuracy: 0.9499 - loss: 0.1434
[1m358/358[0m [32m====================[0m[37m[0m [1m0s[0m 895us/step - accuracy: 0.9497 - loss: 0.1431 - val_accuracy: 0.9435 - val_loss: 0.1729
Epoch 39/100

[1m  1/358[0m [37m====================[0m [1m7s[0m 20ms/step - accuracy: 0.8125 - loss: 0.4692
[1m 76/358[0m [32m====[0m[37m================[0m [1m0s[0m 669us/step - accuracy: 0.9383 - loss: 0.1600
[1m149/358[0m [32m========[0m[37m============[0m [1m0s[0m 678us/step - accuracy: 0.9446 - loss: 0.1490
[1m221/358[0m [32m============[0m[37m========[0m [1m0s[0m 685us/step - accuracy: 0.9457 - loss: 0.1464
[1m293/358[0m [32m================[0m[37m====[0m [1m0s[0m 689us/step - accuracy: 0.9468 - loss: 0.1443
[1m358/358[0m [32m====================[0m[37m[0m [1m0s[0m 893us/step - accuracy: 0.9474 - loss: 0.1433 - val_accuracy: 0.9325 - val_loss: 0.1644
Epoch 40/100

[1m  1/358[0m [37m====================[0m [1m6s[0m 20ms/step - accuracy: 1.0000 - loss: 0.0731
[1m 72/358[0m [32m====[0m[37m================[0m [1m0s[0m 706us/step - accuracy: 0.9400 - loss: 0.1488
[1m147/358[0m [32m========[0m[37m============[0m [1m0s[0m 687us/step - accuracy: 0.9417 - loss: 0.1476
[1m223/358[0m [32m============[0m[37m========[0m [1m0s[0m 677us/step - accuracy: 0.9432 - loss: 0.1455
[1m298/358[0m [32m================[0m[37m====[0m [1m0s[0m 675us/step - accuracy: 0.9447 - loss: 0.1441
[1m358/358[0m [32m====================[0m[37m[0m [1m0s[0m 856us/step - accuracy: 0.9454 - loss: 0.1427 - val_accuracy: 0.9403 - val_loss: 0.1641
Epoch 41/100

[1m  1/358[0m [37m====================[0m [1m6s[0m 19ms/step - accuracy: 0.8750 - loss: 0.3060
[1m 76/358[0m [32m====[0m[37m================[0m [1m0s[0m 668us/step - accuracy: 0.9408 - loss: 0.1524
[1m153/358[0m [32m========[0m[37m============[0m [1m0s[0m 660us/step - accuracy: 0.9440 - loss: 0.1434
[1m227/358[0m [32m============[0m[37m========[0m [1m0s[0m 667us/step - accuracy: 0.9459 - loss: 0.1396
[1m299/358[0m [32m================[0m[37m====[0m [1m0s[0m 674us/step - accuracy: 0.9469 - loss: 0.1385
[1m358/358[0m [32m====================[0m[37m[0m [1m0s[0m 869us/step - accuracy: 0.9474 - loss: 0.1381 - val_accuracy: 0.9388 - val_loss: 0.1663
Epoch 42/100

[1m  1/358[0m [37m====================[0m [1m6s[0m 18ms/step - accuracy: 0.9375 - loss: 0.2023
[1m 76/358[0m [32m====[0m[37m================[0m [1m0s[0m 668us/step - accuracy: 0.9344 - loss: 0.1886
[1m153/358[0m [32m========[0m[37m============[0m [1m0s[0m 664us/step - accuracy: 0.9404 - loss: 0.1699
[1m231/358[0m [32m============[0m[37m========[0m [1m0s[0m 661us/step - accuracy: 0.9436 - loss: 0.1600
[1m307/358[0m [32m=================[0m[37m===[0m [1m0s[0m 660us/step - accuracy: 0.9453 - loss: 0.1537
[1m358/358[0m [32m====================[0m[37m[0m [1m0s[0m 854us/step - accuracy: 0.9460 - loss: 0.1508 - val_accuracy: 0.9372 - val_loss: 0.1620
Epoch 43/100

[1m  1/358[0m [37m====================[0m [1m6s[0m 18ms/step - accuracy: 1.0000 - loss: 0.0152
[1m 76/358[0m [32m====[0m[37m================[0m [1m0s[0m 670us/step - accuracy: 0.9618 - loss: 0.1189
[1m152/358[0m [32m========[0m[37m============[0m [1m0s[0m 665us/step - accuracy: 0.9592 - loss: 0.1212
[1m226/358[0m [32m============[0m[37m========[0m [1m0s[0m 672us/step - accuracy: 0.9581 - loss: 0.1224
[1m301/358[0m [32m================[0m[37m====[0m [1m0s[0m 671us/step - accuracy: 0.9571 - loss: 0.1242
[1m358/358[0m [32m====================[0m[37m[0m [1m0s[0m 868us/step - accuracy: 0.9565 - loss: 0.1251 - val_accuracy: 0.9435 - val_loss: 0.1625
Epoch 44/100

[1m  1/358[0m [37m====================[0m [1m7s[0m 20ms/step - accuracy: 1.0000 - loss: 0.0907
[1m 77/358[0m [32m====[0m[37m================[0m [1m0s[0m 667us/step - accuracy: 0.9534 - loss: 0.1204
[1m154/358[0m [32m========[0m[37m============[0m [1m0s[0m 663us/step - accuracy: 0.9517 - loss: 0.1233
[1m229/358[0m [32m============[0m[37m========[0m [1m0s[0m 667us/step - accuracy: 0.9510 - loss: 0.1257
[1m305/358[0m [32m=================[0m[37m===[0m [1m0s[0m 665us/step - accuracy: 0.9508 - loss: 0.1269
[1m358/358[0m [32m====================[0m[37m[0m [1m0s[0m 859us/step - accuracy: 0.9504 - loss: 0.1275 - val_accuracy: 0.9388 - val_loss: 0.1655
Epoch 45/100

[1m  1/358[0m [37m====================[0m [1m7s[0m 20ms/step - accuracy: 0.9375 - loss: 0.2085
[1m 76/358[0m [32m====[0m[37m================[0m [1m0s[0m 671us/step - accuracy: 0.9425 - loss: 0.1412
[1m150/358[0m [32m========[0m[37m============[0m [1m0s[0m 678us/step - accuracy: 0.9480 - loss: 0.1345
[1m226/358[0m [32m============[0m[37m========[0m [1m0s[0m 671us/step - accuracy: 0.9499 - loss: 0.1316
[1m300/358[0m [32m================[0m[37m====[0m [1m0s[0m 674us/step - accuracy: 0.9505 - loss: 0.1308
[1m358/358[0m [32m====================[0m[37m[0m [1m0s[0m 863us/step - accuracy: 0.9507 - loss: 0.1305 - val_accuracy: 0.9388 - val_loss: 0.1798
Epoch 46/100

[1m  1/358[0m [37m====================[0m [1m6s[0m 18ms/step - accuracy: 1.0000 - loss: 0.0244
[1m 77/358[0m [32m====[0m[37m================[0m [1m0s[0m 667us/step - accuracy: 0.9563 - loss: 0.1392
[1m154/358[0m [32m========[0m[37m============[0m [1m0s[0m 659us/step - accuracy: 0.9568 - loss: 0.1297
[1m231/358[0m [32m============[0m[37m========[0m [1m0s[0m 659us/step - accuracy: 0.9561 - loss: 0.1266
[1m307/358[0m [32m=================[0m[37m===[0m [1m0s[0m 659us/step - accuracy: 0.9550 - loss: 0.1269
[1m358/358[0m [32m====================[0m[37m[0m [1m0s[0m 848us/step - accuracy: 0.9546 - loss: 0.1271 - val_accuracy: 0.9341 - val_loss: 0.1642
Epoch 47/100

[1m  1/358[0m [37m====================[0m [1m6s[0m 18ms/step - accuracy: 1.0000 - loss: 0.0599
[1m 76/358[0m [32m====[0m[37m================[0m [1m0s[0m 678us/step - accuracy: 0.9480 - loss: 0.1452
[1m153/358[0m [32m========[0m[37m============[0m [1m0s[0m 670us/step - accuracy: 0.9488 - loss: 0.1387
[1m231/358[0m [32m============[0m[37m========[0m [1m0s[0m 664us/step - accuracy: 0.9496 - loss: 0.1353
[1m302/358[0m [32m================[0m[37m====[0m [1m0s[0m 674us/step - accuracy: 0.9498 - loss: 0.1339
[1m358/358[0m [32m====================[0m[37m[0m [1m0s[0m 873us/step - accuracy: 0.9502 - loss: 0.1325 - val_accuracy: 0.9325 - val_loss: 0.1638
Epoch 48/100

[1m  1/358[0m [37m====================[0m [1m6s[0m 18ms/step - accuracy: 0.8750 - loss: 0.1520
[1m 74/358[0m [32m====[0m[37m================[0m [1m0s[0m 686us/step - accuracy: 0.9437 - loss: 0.1320
[1m150/358[0m [32m========[0m[37m============[0m [1m0s[0m 677us/step - accuracy: 0.9476 - loss: 0.1236
[1m227/358[0m [32m============[0m[37m========[0m [1m0s[0m 668us/step - accuracy: 0.9485 - loss: 0.1230
[1m304/358[0m [32m================[0m[37m====[0m [1m0s[0m 664us/step - accuracy: 0.9486 - loss: 0.1232
[1m358/358[0m [32m====================[0m[37m[0m [1m0s[0m 853us/step - accuracy: 0.9487 - loss: 0.1235 - val_accuracy: 0.9372 - val_loss: 0.1526
Epoch 49/100

[1m  1/358[0m [37m====================[0m [1m6s[0m 19ms/step - accuracy: 1.0000 - loss: 0.0568
[1m 76/358[0m [32m====[0m[37m================[0m [1m0s[0m 668us/step - accuracy: 0.9638 - loss: 0.1057
[1m152/358[0m [32m========[0m[37m============[0m [1m0s[0m 667us/step - accuracy: 0.9594 - loss: 0.1135
[1m228/358[0m [32m============[0m[37m========[0m [1m0s[0m 668us/step - accuracy: 0.9573 - loss: 0.1153
[1m303/358[0m [32m================[0m[37m====[0m [1m0s[0m 668us/step - accuracy: 0.9561 - loss: 0.1165
[1m358/358[0m [32m====================[0m[37m[0m [1m0s[0m 864us/step - accuracy: 0.9556 - loss: 0.1171 - val_accuracy: 0.9388 - val_loss: 0.1545
Epoch 50/100

[1m  1/358[0m [37m====================[0m [1m6s[0m 19ms/step - accuracy: 0.9375 - loss: 0.1110
[1m 76/358[0m [32m====[0m[37m================[0m [1m0s[0m 667us/step - accuracy: 0.9516 - loss: 0.1053
[1m151/358[0m [32m========[0m[37m============[0m [1m0s[0m 672us/step - accuracy: 0.9533 - loss: 0.1092
[1m227/358[0m [32m============[0m[37m========[0m [1m0s[0m 668us/step - accuracy: 0.9531 - loss: 0.1122
[1m302/358[0m [32m================[0m[37m====[0m [1m0s[0m 669us/step - accuracy: 0.9527 - loss: 0.1145
[1m358/358[0m [32m====================[0m[37m[0m [1m0s[0m 867us/step - accuracy: 0.9526 - loss: 0.1154 - val_accuracy: 0.9466 - val_loss: 0.1587
Epoch 51/100

[1m  1/358[0m [37m====================[0m [1m6s[0m 18ms/step - accuracy: 0.9375 - loss: 0.0666
[1m 76/358[0m [32m====[0m[37m================[0m [1m0s[0m 668us/step - accuracy: 0.9536 - loss: 0.1133
[1m152/358[0m [32m========[0m[37m============[0m [1m0s[0m 667us/step - accuracy: 0.9561 - loss: 0.1119
[1m229/358[0m [32m============[0m[37m========[0m [1m0s[0m 665us/step - accuracy: 0.9559 - loss: 0.1131
[1m304/358[0m [32m================[0m[37m====[0m [1m0s[0m 667us/step - accuracy: 0.9551 - loss: 0.1146
[1m358/358[0m [32m====================[0m[37m[0m [1m0s[0m 875us/step - accuracy: 0.9547 - loss: 0.1154 - val_accuracy: 0.9372 - val_loss: 0.1495
Epoch 52/100

[1m  1/358[0m [37m====================[0m [1m7s[0m 21ms/step - accuracy: 0.9375 - loss: 0.1531
[1m 77/358[0m [32m====[0m[37m================[0m [1m0s[0m 668us/step - accuracy: 0.9395 - loss: 0.1276
[1m154/358[0m [32m========[0m[37m============[0m [1m0s[0m 663us/step - accuracy: 0.9424 - loss: 0.1250
[1m231/358[0m [32m============[0m[37m========[0m [1m0s[0m 659us/step - accuracy: 0.9443 - loss: 0.1233
[1m307/358[0m [32m=================[0m[37m===[0m [1m0s[0m 659us/step - accuracy: 0.9454 - loss: 0.1234
[1m358/358[0m [32m====================[0m[37m[0m [1m0s[0m 854us/step - accuracy: 0.9462 - loss: 0.1229 - val_accuracy: 0.9388 - val_loss: 0.1462
Epoch 53/100

[1m  1/358[0m [37m====================[0m [1m6s[0m 18ms/step - accuracy: 1.0000 - loss: 0.0626
[1m 77/358[0m [32m====[0m[37m================[0m [1m0s[0m 670us/step - accuracy: 0.9518 - loss: 0.1234
[1m154/358[0m [32m========[0m[37m============[0m [1m0s[0m 666us/step - accuracy: 0.9481 - loss: 0.1221
[1m231/358[0m [32m============[0m[37m========[0m [1m0s[0m 665us/step - accuracy: 0.9481 - loss: 0.1201
[1m307/358[0m [32m=================[0m[37m===[0m [1m0s[0m 663us/step - accuracy: 0.9486 - loss: 0.1187
[1m358/358[0m [32m====================[0m[37m[0m [1m0s[0m 866us/step - accuracy: 0.9490 - loss: 0.1180 - val_accuracy: 0.9388 - val_loss: 0.1665
Epoch 54/100

[1m  1/358[0m [37m====================[0m [1m6s[0m 20ms/step - accuracy: 1.0000 - loss: 0.0597
[1m 77/358[0m [32m====[0m[37m================[0m [1m0s[0m 663us/step - accuracy: 0.9641 - loss: 0.1008
[1m155/358[0m [32m========[0m[37m============[0m [1m0s[0m 658us/step - accuracy: 0.9592 - loss: 0.1065
[1m231/358[0m [32m============[0m[37m========[0m [1m0s[0m 658us/step - accuracy: 0.9581 - loss: 0.1073
[1m309/358[0m [32m=================[0m[37m===[0m [1m0s[0m 655us/step - accuracy: 0.9573 - loss: 0.1084
[1m358/358[0m [32m====================[0m[37m[0m [1m0s[0m 846us/step - accuracy: 0.9569 - loss: 0.1090 - val_accuracy: 0.9388 - val_loss: 0.1472
Epoch 55/100

[1m  1/358[0m [37m====================[0m [1m6s[0m 18ms/step - accuracy: 0.8750 - loss: 0.2380
[1m 77/358[0m [32m====[0m[37m================[0m [1m0s[0m 665us/step - accuracy: 0.9601 - loss: 0.1091
[1m156/358[0m [32m========[0m[37m============[0m [1m0s[0m 654us/step - accuracy: 0.9601 - loss: 0.1067
[1m230/358[0m [32m============[0m[37m========[0m [1m0s[0m 662us/step - accuracy: 0.9587 - loss: 0.1079
[1m307/358[0m [32m=================[0m[37m===[0m [1m0s[0m 661us/step - accuracy: 0.9579 - loss: 0.1090
[1m358/358[0m [32m====================[0m[37m[0m [1m0s[0m 853us/step - accuracy: 0.9576 - loss: 0.1094 - val_accuracy: 0.9403 - val_loss: 0.1499
Epoch 56/100

[1m  1/358[0m [37m====================[0m [1m7s[0m 21ms/step - accuracy: 0.9375 - loss: 0.1705
[1m 69/358[0m [32m===[0m[37m=================[0m [1m0s[0m 743us/step - accuracy: 0.9643 - loss: 0.0825
[1m141/358[0m [32m=======[0m[37m=============[0m [1m0s[0m 722us/step - accuracy: 0.9599 - loss: 0.0940
[1m216/358[0m [32m============[0m[37m========[0m [1m0s[0m 703us/step - accuracy: 0.9582 - loss: 0.0983
[1m290/358[0m [32m================[0m[37m====[0m [1m0s[0m 697us/step - accuracy: 0.9571 - loss: 0.1013
[1m358/358[0m [32m====================[0m[37m[0m [1m0s[0m 880us/step - accuracy: 0.9565 - loss: 0.1034 - val_accuracy: 0.9325 - val_loss: 0.1445
Epoch 57/100

[1m  1/358[0m [37m====================[0m [1m6s[0m 19ms/step - accuracy: 0.9375 - loss: 0.1185
[1m 76/358[0m [32m====[0m[37m================[0m [1m0s[0m 674us/step - accuracy: 0.9642 - loss: 0.1059
[1m152/358[0m [32m========[0m[37m============[0m [1m0s[0m 670us/step - accuracy: 0.9583 - loss: 0.1086
[1m227/358[0m [32m============[0m[37m========[0m [1m0s[0m 670us/step - accuracy: 0.9565 - loss: 0.1093
[1m302/358[0m [32m================[0m[37m====[0m [1m0s[0m 671us/step - accuracy: 0.9562 - loss: 0.1090
[1m358/358[0m [32m====================[0m[37m[0m [1m0s[0m 882us/step - accuracy: 0.9559 - loss: 0.1091 - val_accuracy: 0.9403 - val_loss: 0.1465
Epoch 58/100

[1m  1/358[0m [37m====================[0m [1m6s[0m 18ms/step - accuracy: 0.8750 - loss: 0.3677
[1m 78/358[0m [32m====[0m[37m================[0m [1m0s[0m 657us/step - accuracy: 0.9510 - loss: 0.1286
[1m154/358[0m [32m========[0m[37m============[0m [1m0s[0m 660us/step - accuracy: 0.9539 - loss: 0.1196
[1m233/358[0m [32m=============[0m[37m=======[0m [1m0s[0m 654us/step - accuracy: 0.9543 - loss: 0.1164
[1m308/358[0m [32m=================[0m[37m===[0m [1m0s[0m 658us/step - accuracy: 0.9544 - loss: 0.1151
[1m358/358[0m [32m====================[0m[37m[0m [1m0s[0m 849us/step - accuracy: 0.9545 - loss: 0.1141 - val_accuracy: 0.9435 - val_loss: 0.1469
Epoch 59/100

[1m  1/358[0m [37m====================[0m [1m6s[0m 18ms/step - accuracy: 1.0000 - loss: 0.0664
[1m 75/358[0m [32m====[0m[37m================[0m [1m0s[0m 682us/step - accuracy: 0.9629 - loss: 0.0982
[1m152/358[0m [32m========[0m[37m============[0m [1m0s[0m 671us/step - accuracy: 0.9593 - loss: 0.1021
[1m228/358[0m [32m============[0m[37m========[0m [1m0s[0m 667us/step - accuracy: 0.9583 - loss: 0.1023
[1m303/358[0m [32m================[0m[37m====[0m [1m0s[0m 667us/step - accuracy: 0.9571 - loss: 0.1037
[1m358/358[0m [32m====================[0m[37m[0m [1m0s[0m 884us/step - accuracy: 0.9565 - loss: 0.1044 - val_accuracy: 0.9356 - val_loss: 0.1402
Epoch 60/100

[1m  1/358[0m [37m====================[0m [1m6s[0m 19ms/step - accuracy: 0.9375 - loss: 0.2534
[1m 76/358[0m [32m====[0m[37m================[0m [1m0s[0m 685us/step - accuracy: 0.9595 - loss: 0.1042
[1m153/358[0m [32m========[0m[37m============[0m [1m0s[0m 673us/step - accuracy: 0.9593 - loss: 0.0984
[1m230/358[0m [32m============[0m[37m========[0m [1m0s[0m 666us/step - accuracy: 0.9571 - loss: 0.1012
[1m308/358[0m [32m=================[0m[37m===[0m [1m0s[0m 662us/step - accuracy: 0.9561 - loss: 0.1030
[1m358/358[0m [32m====================[0m[37m[0m [1m0s[0m 849us/step - accuracy: 0.9559 - loss: 0.1035 - val_accuracy: 0.9341 - val_loss: 0.1377
Epoch 61/100

[1m  1/358[0m [37m====================[0m [1m6s[0m 19ms/step - accuracy: 1.0000 - loss: 0.0904
[1m 76/358[0m [32m====[0m[37m================[0m [1m0s[0m 667us/step - accuracy: 0.9570 - loss: 0.1110
[1m152/358[0m [32m========[0m[37m============[0m [1m0s[0m 663us/step - accuracy: 0.9546 - loss: 0.1119
[1m228/358[0m [32m============[0m[37m========[0m [1m0s[0m 662us/step - accuracy: 0.9548 - loss: 0.1108
[1m303/358[0m [32m================[0m[37m====[0m [1m0s[0m 665us/step - accuracy: 0.9550 - loss: 0.1096
[1m358/358[0m [32m====================[0m[37m[0m [1m0s[0m 858us/step - accuracy: 0.9552 - loss: 0.1088 - val_accuracy: 0.9435 - val_loss: 0.1370
Epoch 62/100

[1m  1/358[0m [37m====================[0m [1m6s[0m 18ms/step - accuracy: 0.8750 - loss: 0.1759
[1m 76/358[0m [32m====[0m[37m================[0m [1m0s[0m 672us/step - accuracy: 0.9552 - loss: 0.1078
[1m149/358[0m [32m========[0m[37m============[0m [1m0s[0m 681us/step - accuracy: 0.9542 - loss: 0.1073
[1m223/358[0m [32m============[0m[37m========[0m [1m0s[0m 680us/step - accuracy: 0.9548 - loss: 0.1069
[1m296/358[0m [32m================[0m[37m====[0m [1m0s[0m 682us/step - accuracy: 0.9554 - loss: 0.1060
[1m358/358[0m [32m====================[0m[37m[0m [1m0s[0m 867us/step - accuracy: 0.9557 - loss: 0.1054 - val_accuracy: 0.9576 - val_loss: 0.1387
Epoch 63/100

[1m  1/358[0m [37m====================[0m [1m6s[0m 18ms/step - accuracy: 1.0000 - loss: 0.0096
[1m 76/358[0m [32m====[0m[37m================[0m [1m0s[0m 673us/step - accuracy: 0.9689 - loss: 0.0891
[1m152/358[0m [32m========[0m[37m============[0m [1m0s[0m 673us/step - accuracy: 0.9610 - loss: 0.0971
[1m227/358[0m [32m============[0m[37m========[0m [1m0s[0m 673us/step - accuracy: 0.9597 - loss: 0.0980
[1m304/358[0m [32m================[0m[37m====[0m [1m0s[0m 670us/step - accuracy: 0.9592 - loss: 0.0985
[1m358/358[0m [32m====================[0m[37m[0m [1m0s[0m 866us/step - accuracy: 0.9590 - loss: 0.0990 - val_accuracy: 0.9435 - val_loss: 0.1429
Epoch 64/100

[1m  1/358[0m [37m====================[0m [1m7s[0m 21ms/step - accuracy: 0.9375 - loss: 0.1407
[1m 76/358[0m [32m====[0m[37m================[0m [1m0s[0m 672us/step - accuracy: 0.9601 - loss: 0.1042
[1m152/358[0m [32m========[0m[37m============[0m [1m0s[0m 665us/step - accuracy: 0.9617 - loss: 0.1017
[1m227/358[0m [32m============[0m[37m========[0m [1m0s[0m 667us/step - accuracy: 0.9610 - loss: 0.1009
[1m301/358[0m [32m================[0m[37m====[0m [1m0s[0m 670us/step - accuracy: 0.9602 - loss: 0.1005
[1m358/358[0m [32m====================[0m[37m[0m [1m0s[0m 864us/step - accuracy: 0.9598 - loss: 0.1006 - val_accuracy: 0.9545 - val_loss: 0.1321
Epoch 65/100

[1m  1/358[0m [37m====================[0m [1m6s[0m 18ms/step - accuracy: 0.9375 - loss: 0.1331
[1m 78/358[0m [32m====[0m[37m================[0m [1m0s[0m 656us/step - accuracy: 0.9493 - loss: 0.1117
[1m153/358[0m [32m========[0m[37m============[0m [1m0s[0m 663us/step - accuracy: 0.9504 - loss: 0.1107
[1m229/358[0m [32m============[0m[37m========[0m [1m0s[0m 664us/step - accuracy: 0.9514 - loss: 0.1094
[1m304/358[0m [32m================[0m[37m====[0m [1m0s[0m 665us/step - accuracy: 0.9526 - loss: 0.1077
[1m358/358[0m [32m====================[0m[37m[0m [1m0s[0m 867us/step - accuracy: 0.9532 - loss: 0.1065 - val_accuracy: 0.9545 - val_loss: 0.1315
Epoch 66/100

[1m  1/358[0m [37m====================[0m [1m7s[0m 20ms/step - accuracy: 1.0000 - loss: 0.1030
[1m 76/358[0m [32m====[0m[37m================[0m [1m0s[0m 674us/step - accuracy: 0.9648 - loss: 0.0985
[1m149/358[0m [32m========[0m[37m============[0m [1m0s[0m 680us/step - accuracy: 0.9600 - loss: 0.0995
[1m225/358[0m [32m============[0m[37m========[0m [1m0s[0m 674us/step - accuracy: 0.9593 - loss: 0.0991
[1m302/358[0m [32m================[0m[37m====[0m [1m0s[0m 671us/step - accuracy: 0.9590 - loss: 0.0991
[1m358/358[0m [32m====================[0m[37m[0m [1m0s[0m 861us/step - accuracy: 0.9589 - loss: 0.0990 - val_accuracy: 0.9403 - val_loss: 0.1359
Epoch 67/100

[1m  1/358[0m [37m====================[0m [1m6s[0m 19ms/step - accuracy: 1.0000 - loss: 0.1006
[1m 77/358[0m [32m====[0m[37m================[0m [1m0s[0m 671us/step - accuracy: 0.9590 - loss: 0.1019
[1m152/358[0m [32m========[0m[37m============[0m [1m0s[0m 669us/step - accuracy: 0.9608 - loss: 0.0975
[1m227/358[0m [32m============[0m[37m========[0m [1m0s[0m 673us/step - accuracy: 0.9607 - loss: 0.0963
[1m303/358[0m [32m================[0m[37m====[0m [1m0s[0m 672us/step - accuracy: 0.9604 - loss: 0.0961
[1m358/358[0m [32m====================[0m[37m[0m [1m0s[0m 865us/step - accuracy: 0.9602 - loss: 0.0962 - val_accuracy: 0.9560 - val_loss: 0.1285
Epoch 68/100

[1m  1/358[0m [37m====================[0m [1m6s[0m 19ms/step - accuracy: 1.0000 - loss: 0.0877
[1m 75/358[0m [32m====[0m[37m================[0m [1m0s[0m 678us/step - accuracy: 0.9643 - loss: 0.0899
[1m149/358[0m [32m========[0m[37m============[0m [1m0s[0m 682us/step - accuracy: 0.9612 - loss: 0.0913
[1m223/358[0m [32m============[0m[37m========[0m [1m0s[0m 682us/step - accuracy: 0.9604 - loss: 0.0925
[1m298/358[0m [32m================[0m[37m====[0m [1m0s[0m 680us/step - accuracy: 0.9601 - loss: 0.0929
[1m358/358[0m [32m====================[0m[37m[0m [1m0s[0m 867us/step - accuracy: 0.9599 - loss: 0.0934 - val_accuracy: 0.9435 - val_loss: 0.1351
Epoch 69/100

[1m  1/358[0m [37m====================[0m [1m6s[0m 17ms/step - accuracy: 1.0000 - loss: 0.0148
[1m 75/358[0m [32m====[0m[37m================[0m [1m0s[0m 677us/step - accuracy: 0.9725 - loss: 0.0625
[1m152/358[0m [32m========[0m[37m============[0m [1m0s[0m 666us/step - accuracy: 0.9676 - loss: 0.0731
[1m229/358[0m [32m============[0m[37m========[0m [1m0s[0m 664us/step - accuracy: 0.9658 - loss: 0.0778
[1m304/358[0m [32m================[0m[37m====[0m [1m0s[0m 665us/step - accuracy: 0.9647 - loss: 0.0811
[1m358/358[0m [32m====================[0m[37m[0m [1m0s[0m 856us/step - accuracy: 0.9642 - loss: 0.0826 - val_accuracy: 0.9545 - val_loss: 0.1275
Epoch 70/100

[1m  1/358[0m [37m====================[0m [1m6s[0m 18ms/step - accuracy: 1.0000 - loss: 0.0208
[1m 77/358[0m [32m====[0m[37m================[0m [1m0s[0m 662us/step - accuracy: 0.9582 - loss: 0.0944
[1m152/358[0m [32m========[0m[37m============[0m [1m0s[0m 667us/step - accuracy: 0.9609 - loss: 0.0909
[1m229/358[0m [32m============[0m[37m========[0m [1m0s[0m 662us/step - accuracy: 0.9614 - loss: 0.0910
[1m306/358[0m [32m=================[0m[37m===[0m [1m0s[0m 661us/step - accuracy: 0.9613 - loss: 0.0913
[1m358/358[0m [32m====================[0m[37m[0m [1m0s[0m 853us/step - accuracy: 0.9611 - loss: 0.0918 - val_accuracy: 0.9592 - val_loss: 0.1232
Epoch 71/100

[1m  1/358[0m [37m====================[0m [1m6s[0m 18ms/step - accuracy: 0.9375 - loss: 0.1890
[1m 78/358[0m [32m====[0m[37m================[0m [1m0s[0m 658us/step - accuracy: 0.9637 - loss: 0.0863
[1m154/358[0m [32m========[0m[37m============[0m [1m0s[0m 660us/step - accuracy: 0.9621 - loss: 0.0904
[1m232/358[0m [32m============[0m[37m========[0m [1m0s[0m 657us/step - accuracy: 0.9619 - loss: 0.0913
[1m307/358[0m [32m=================[0m[37m===[0m [1m0s[0m 659us/step - accuracy: 0.9618 - loss: 0.0918
[1m358/358[0m [32m====================[0m[37m[0m [1m0s[0m 848us/step - accuracy: 0.9618 - loss: 0.0917 - val_accuracy: 0.9623 - val_loss: 0.1246
Epoch 72/100

[1m  1/358[0m [37m====================[0m [1m7s[0m 20ms/step - accuracy: 0.9375 - loss: 0.1848
[1m 73/358[0m [32m====[0m[37m================[0m [1m0s[0m 695us/step - accuracy: 0.9680 - loss: 0.0850
[1m149/358[0m [32m========[0m[37m============[0m [1m0s[0m 677us/step - accuracy: 0.9670 - loss: 0.0823
[1m225/358[0m [32m============[0m[37m========[0m [1m0s[0m 672us/step - accuracy: 0.9648 - loss: 0.0851
[1m302/358[0m [32m================[0m[37m====[0m [1m0s[0m 667us/step - accuracy: 0.9634 - loss: 0.0871
[1m358/358[0m [32m====================[0m[37m[0m [1m0s[0m 858us/step - accuracy: 0.9629 - loss: 0.0878 - val_accuracy: 0.9466 - val_loss: 0.1259
Epoch 73/100

[1m  1/358[0m [37m====================[0m [1m6s[0m 18ms/step - accuracy: 0.8750 - loss: 0.1638
[1m 75/358[0m [32m====[0m[37m================[0m [1m0s[0m 678us/step - accuracy: 0.9591 - loss: 0.0919
[1m151/358[0m [32m========[0m[37m============[0m [1m0s[0m 670us/step - accuracy: 0.9618 - loss: 0.0870
[1m222/358[0m [32m============[0m[37m========[0m [1m0s[0m 683us/step - accuracy: 0.9622 - loss: 0.0863
[1m291/358[0m [32m================[0m[37m====[0m [1m0s[0m 694us/step - accuracy: 0.9623 - loss: 0.0864
[1m358/358[0m [32m====================[0m[37m[0m [1m0s[0m 879us/step - accuracy: 0.9623 - loss: 0.0868 - val_accuracy: 0.9466 - val_loss: 0.1215
Epoch 74/100

[1m  1/358[0m [37m====================[0m [1m6s[0m 18ms/step - accuracy: 1.0000 - loss: 0.0934
[1m 77/358[0m [32m====[0m[37m================[0m [1m0s[0m 668us/step - accuracy: 0.9671 - loss: 0.0848
[1m152/358[0m [32m========[0m[37m============[0m [1m0s[0m 671us/step - accuracy: 0.9670 - loss: 0.0845
[1m229/358[0m [32m============[0m[37m========[0m [1m0s[0m 666us/step - accuracy: 0.9668 - loss: 0.0843
[1m300/358[0m [32m================[0m[37m====[0m [1m0s[0m 679us/step - accuracy: 0.9660 - loss: 0.0850
[1m358/358[0m [32m====================[0m[37m[0m [1m0s[0m 868us/step - accuracy: 0.9655 - loss: 0.0854 - val_accuracy: 0.9560 - val_loss: 0.1196
Epoch 75/100

[1m  1/358[0m [37m====================[0m [1m7s[0m 20ms/step - accuracy: 1.0000 - loss: 0.0281
[1m 76/358[0m [32m====[0m[37m================[0m [1m0s[0m 676us/step - accuracy: 0.9662 - loss: 0.0849
[1m152/358[0m [32m========[0m[37m============[0m [1m0s[0m 671us/step - accuracy: 0.9644 - loss: 0.0849
[1m228/358[0m [32m============[0m[37m========[0m [1m0s[0m 667us/step - accuracy: 0.9637 - loss: 0.0848
[1m303/358[0m [32m================[0m[37m====[0m [1m0s[0m 668us/step - accuracy: 0.9634 - loss: 0.0851
[1m358/358[0m [32m====================[0m[37m[0m [1m0s[0m 863us/step - accuracy: 0.9633 - loss: 0.0854 - val_accuracy: 0.9513 - val_loss: 0.1184
Epoch 76/100

[1m  1/358[0m [37m====================[0m [1m6s[0m 18ms/step - accuracy: 1.0000 - loss: 0.0021
[1m 75/358[0m [32m====[0m[37m================[0m [1m0s[0m 678us/step - accuracy: 0.9744 - loss: 0.0696
[1m153/358[0m [32m========[0m[37m============[0m [1m0s[0m 665us/step - accuracy: 0.9704 - loss: 0.0778
[1m230/358[0m [32m============[0m[37m========[0m [1m0s[0m 663us/step - accuracy: 0.9694 - loss: 0.0804
[1m306/358[0m [32m=================[0m[37m===[0m [1m0s[0m 662us/step - accuracy: 0.9689 - loss: 0.0816
[1m358/358[0m [32m====================[0m[37m[0m [1m0s[0m 854us/step - accuracy: 0.9685 - loss: 0.0820 - val_accuracy: 0.9545 - val_loss: 0.1202
Epoch 77/100

[1m  1/358[0m [37m====================[0m [1m6s[0m 18ms/step - accuracy: 1.0000 - loss: 0.1136
[1m 71/358[0m [32m===[0m[37m=================[0m [1m0s[0m 721us/step - accuracy: 0.9689 - loss: 0.0890
[1m142/358[0m [32m=======[0m[37m=============[0m [1m0s[0m 714us/step - accuracy: 0.9663 - loss: 0.0884
[1m216/358[0m [32m============[0m[37m========[0m [1m0s[0m 704us/step - accuracy: 0.9655 - loss: 0.0874
[1m288/358[0m [32m================[0m[37m====[0m [1m0s[0m 703us/step - accuracy: 0.9650 - loss: 0.0872
[1m358/358[0m [32m====================[0m[37m[0m [1m0s[0m 897us/step - accuracy: 0.9648 - loss: 0.0869 - val_accuracy: 0.9576 - val_loss: 0.1203
Epoch 78/100

[1m  1/358[0m [37m====================[0m [1m7s[0m 22ms/step - accuracy: 1.0000 - loss: 0.0255
[1m 69/358[0m [32m===[0m[37m=================[0m [1m0s[0m 742us/step - accuracy: 0.9696 - loss: 0.0966
[1m143/358[0m [32m=======[0m[37m=============[0m [1m0s[0m 713us/step - accuracy: 0.9677 - loss: 0.0912
[1m220/358[0m [32m============[0m[37m========[0m [1m0s[0m 694us/step - accuracy: 0.9668 - loss: 0.0899
[1m296/358[0m [32m================[0m[37m====[0m [1m0s[0m 686us/step - accuracy: 0.9666 - loss: 0.0888
[1m358/358[0m [32m====================[0m[37m[0m [1m0s[0m 870us/step - accuracy: 0.9665 - loss: 0.0879 - val_accuracy: 0.9498 - val_loss: 0.1117
Epoch 79/100

[1m  1/358[0m [37m====================[0m [1m6s[0m 19ms/step - accuracy: 1.0000 - loss: 0.0858
[1m 75/358[0m [32m====[0m[37m================[0m [1m0s[0m 677us/step - accuracy: 0.9638 - loss: 0.0873
[1m151/358[0m [32m========[0m[37m============[0m [1m0s[0m 671us/step - accuracy: 0.9655 - loss: 0.0842
[1m228/358[0m [32m============[0m[37m========[0m [1m0s[0m 668us/step - accuracy: 0.9659 - loss: 0.0845
[1m305/358[0m [32m=================[0m[37m===[0m [1m0s[0m 664us/step - accuracy: 0.9660 - loss: 0.0851
[1m358/358[0m [32m====================[0m[37m[0m [1m0s[0m 864us/step - accuracy: 0.9660 - loss: 0.0850 - val_accuracy: 0.9513 - val_loss: 0.1159
Epoch 80/100

[1m  1/358[0m [37m====================[0m [1m6s[0m 18ms/step - accuracy: 1.0000 - loss: 0.0136
[1m 76/358[0m [32m====[0m[37m================[0m [1m0s[0m 674us/step - accuracy: 0.9758 - loss: 0.0653
[1m151/358[0m [32m========[0m[37m============[0m [1m0s[0m 672us/step - accuracy: 0.9729 - loss: 0.0706
[1m216/358[0m [32m============[0m[37m========[0m [1m0s[0m 702us/step - accuracy: 0.9709 - loss: 0.0738
[1m278/358[0m [32m===============[0m[37m=====[0m [1m0s[0m 728us/step - accuracy: 0.9690 - loss: 0.0767
[1m353/358[0m [32m===================[0m[37m=[0m [1m0s[0m 715us/step - accuracy: 0.9680 - loss: 0.0782
[1m358/358[0m [32m====================[0m[37m[0m [1m0s[0m 910us/step - accuracy: 0.9679 - loss: 0.0783 - val_accuracy: 0.9435 - val_loss: 0.1142
Epoch 81/100

[1m  1/358[0m [37m====================[0m [1m7s[0m 20ms/step - accuracy: 1.0000 - loss: 0.0665
[1m 65/358[0m [32m===[0m[37m=================[0m [1m0s[0m 786us/step - accuracy: 0.9754 - loss: 0.0618
[1m137/358[0m [32m=======[0m[37m=============[0m [1m0s[0m 739us/step - accuracy: 0.9709 - loss: 0.0693
[1m198/358[0m [32m===========[0m[37m=========[0m [1m0s[0m 769us/step - accuracy: 0.9698 - loss: 0.0725
[1m256/358[0m [32m==============[0m[37m======[0m [1m0s[0m 793us/step - accuracy: 0.9696 - loss: 0.0737
[1m321/358[0m [32m=================[0m[37m===[0m [1m0s[0m 790us/step - accuracy: 0.9693 - loss: 0.0747
[1m358/358[0m [32m====================[0m[37m[0m [1m0s[0m 985us/step - accuracy: 0.9691 - loss: 0.0753 - val_accuracy: 0.9608 - val_loss: 0.1103
Epoch 82/100

[1m  1/358[0m [37m====================[0m [1m6s[0m 18ms/step - accuracy: 1.0000 - loss: 0.0411
[1m 75/358[0m [32m====[0m[37m================[0m [1m0s[0m 677us/step - accuracy: 0.9663 - loss: 0.0706
[1m152/358[0m [32m========[0m[37m============[0m [1m0s[0m 666us/step - accuracy: 0.9635 - loss: 0.0745
[1m228/358[0m [32m============[0m[37m========[0m [1m0s[0m 664us/step - accuracy: 0.9639 - loss: 0.0748
[1m303/358[0m [32m================[0m[37m====[0m [1m0s[0m 665us/step - accuracy: 0.9643 - loss: 0.0754
[1m358/358[0m [32m====================[0m[37m[0m [1m0s[0m 858us/step - accuracy: 0.9644 - loss: 0.0761 - val_accuracy: 0.9482 - val_loss: 0.1096
Epoch 83/100

[1m  1/358[0m [37m====================[0m [1m6s[0m 19ms/step - accuracy: 1.0000 - loss: 0.0594
[1m 69/358[0m [32m===[0m[37m=================[0m [1m0s[0m 741us/step - accuracy: 0.9648 - loss: 0.0889
[1m141/358[0m [32m=======[0m[37m=============[0m [1m0s[0m 722us/step - accuracy: 0.9655 - loss: 0.0851
[1m209/358[0m [32m===========[0m[37m=========[0m [1m0s[0m 727us/step - accuracy: 0.9662 - loss: 0.0837
[1m280/358[0m [32m===============[0m[37m=====[0m [1m0s[0m 722us/step - accuracy: 0.9665 - loss: 0.0828
[1m350/358[0m [32m===================[0m[37m=[0m [1m0s[0m 722us/step - accuracy: 0.9667 - loss: 0.0823
[1m358/358[0m [32m====================[0m[37m[0m [1m0s[0m 944us/step - accuracy: 0.9667 - loss: 0.0822 - val_accuracy: 0.9435 - val_loss: 0.1343
Epoch 84/100

[1m  1/358[0m [37m====================[0m [1m7s[0m 21ms/step - accuracy: 1.0000 - loss: 0.0475
[1m 70/358[0m [32m===[0m[37m=================[0m [1m0s[0m 733us/step - accuracy: 0.9699 - loss: 0.0757
[1m142/358[0m [32m=======[0m[37m=============[0m [1m0s[0m 717us/step - accuracy: 0.9691 - loss: 0.0739
[1m213/358[0m [32m===========[0m[37m=========[0m [1m0s[0m 715us/step - accuracy: 0.9683 - loss: 0.0745
[1m286/358[0m [32m===============[0m[37m=====[0m [1m0s[0m 710us/step - accuracy: 0.9675 - loss: 0.0756
[1m345/358[0m [32m===================[0m[37m=[0m [1m0s[0m 735us/step - accuracy: 0.9671 - loss: 0.0763
[1m358/358[0m [32m====================[0m[37m[0m [1m0s[0m 933us/step - accuracy: 0.9670 - loss: 0.0765 - val_accuracy: 0.9482 - val_loss: 0.1113
Epoch 85/100

[1m  1/358[0m [37m====================[0m [1m6s[0m 20ms/step - accuracy: 1.0000 - loss: 0.0650
[1m 75/358[0m [32m====[0m[37m================[0m [1m0s[0m 678us/step - accuracy: 0.9770 - loss: 0.0647
[1m151/358[0m [32m========[0m[37m============[0m [1m0s[0m 674us/step - accuracy: 0.9715 - loss: 0.0709
[1m225/358[0m [32m============[0m[37m========[0m [1m0s[0m 675us/step - accuracy: 0.9702 - loss: 0.0727
[1m297/358[0m [32m================[0m[37m====[0m [1m0s[0m 680us/step - accuracy: 0.9700 - loss: 0.0734
[1m358/358[0m [32m====================[0m[37m[0m [1m0s[0m 868us/step - accuracy: 0.9699 - loss: 0.0739 - val_accuracy: 0.9482 - val_loss: 0.1098
Epoch 86/100

[1m  1/358[0m [37m====================[0m [1m6s[0m 19ms/step - accuracy: 1.0000 - loss: 0.0499
[1m 72/358[0m [32m====[0m[37m================[0m [1m0s[0m 716us/step - accuracy: 0.9611 - loss: 0.0703
[1m141/358[0m [32m=======[0m[37m=============[0m [1m0s[0m 723us/step - accuracy: 0.9634 - loss: 0.0718
[1m212/358[0m [32m===========[0m[37m=========[0m [1m0s[0m 719us/step - accuracy: 0.9646 - loss: 0.0726
[1m283/358[0m [32m===============[0m[37m=====[0m [1m0s[0m 718us/step - accuracy: 0.9654 - loss: 0.0728
[1m358/358[0m [32m====================[0m[37m[0m [1m0s[0m 902us/step - accuracy: 0.9660 - loss: 0.0733 - val_accuracy: 0.9466 - val_loss: 0.1072
Epoch 87/100

[1m  1/358[0m [37m====================[0m [1m6s[0m 19ms/step - accuracy: 0.9375 - loss: 0.0726
[1m 74/358[0m [32m====[0m[37m================[0m [1m0s[0m 687us/step - accuracy: 0.9751 - loss: 0.0732
[1m148/358[0m [32m========[0m[37m============[0m [1m0s[0m 683us/step - accuracy: 0.9737 - loss: 0.0755
[1m219/358[0m [32m============[0m[37m========[0m [1m0s[0m 693us/step - accuracy: 0.9732 - loss: 0.0754
[1m280/358[0m [32m===============[0m[37m=====[0m [1m0s[0m 721us/step - accuracy: 0.9727 - loss: 0.0757
[1m342/358[0m [32m===================[0m[37m=[0m [1m0s[0m 739us/step - accuracy: 0.9723 - loss: 0.0757
[1m358/358[0m [32m====================[0m[37m[0m [1m0s[0m 978us/step - accuracy: 0.9722 - loss: 0.0757 - val_accuracy: 0.9435 - val_loss: 0.1132
Epoch 88/100

[1m  1/358[0m [37m====================[0m [1m7s[0m 21ms/step - accuracy: 1.0000 - loss: 0.0186
[1m 72/358[0m [32m====[0m[37m================[0m [1m0s[0m 713us/step - accuracy: 0.9769 - loss: 0.0663
[1m143/358[0m [32m=======[0m[37m=============[0m [1m0s[0m 713us/step - accuracy: 0.9750 - loss: 0.0706
[1m216/358[0m [32m============[0m[37m========[0m [1m0s[0m 707us/step - accuracy: 0.9746 - loss: 0.0714
[1m288/358[0m [32m================[0m[37m====[0m [1m0s[0m 706us/step - accuracy: 0.9743 - loss: 0.0715
[1m358/358[0m [32m====================[0m[37m[0m [1m0s[0m 710us/step - accuracy: 0.9738 - loss: 0.0719
[1m358/358[0m [32m====================[0m[37m[0m [1m0s[0m 923us/step - accuracy: 0.9738 - loss: 0.0720 - val_accuracy: 0.9498 - val_loss: 0.1053
Epoch 89/100

[1m  1/358[0m [37m====================[0m [1m6s[0m 19ms/step - accuracy: 1.0000 - loss: 0.0307
[1m 72/358[0m [32m====[0m[37m================[0m [1m0s[0m 718us/step - accuracy: 0.9702 - loss: 0.0638
[1m143/358[0m [32m=======[0m[37m=============[0m [1m0s[0m 713us/step - accuracy: 0.9701 - loss: 0.0661
[1m214/358[0m [32m===========[0m[37m=========[0m [1m0s[0m 710us/step - accuracy: 0.9701 - loss: 0.0683
[1m279/358[0m [32m===============[0m[37m=====[0m [1m0s[0m 725us/step - accuracy: 0.9701 - loss: 0.0699
[1m341/358[0m [32m===================[0m[37m=[0m [1m0s[0m 739us/step - accuracy: 0.9701 - loss: 0.0709
[1m358/358[0m [32m====================[0m[37m[0m [1m0s[0m 956us/step - accuracy: 0.9701 - loss: 0.0712 - val_accuracy: 0.9608 - val_loss: 0.0998
Epoch 90/100

[1m  1/358[0m [37m====================[0m [1m7s[0m 20ms/step - accuracy: 1.0000 - loss: 0.0285
[1m 72/358[0m [32m====[0m[37m================[0m [1m0s[0m 709us/step - accuracy: 0.9862 - loss: 0.0499
[1m142/358[0m [32m=======[0m[37m=============[0m [1m0s[0m 713us/step - accuracy: 0.9812 - loss: 0.0586
[1m215/358[0m [32m============[0m[37m========[0m [1m0s[0m 704us/step - accuracy: 0.9780 - loss: 0.0631
[1m286/358[0m [32m===============[0m[37m=====[0m [1m0s[0m 706us/step - accuracy: 0.9763 - loss: 0.0656
[1m358/358[0m [32m====================[0m[37m[0m [1m0s[0m 892us/step - accuracy: 0.9749 - loss: 0.0672 - val_accuracy: 0.9435 - val_loss: 0.1073
Epoch 91/100

[1m  1/358[0m [37m====================[0m [1m6s[0m 19ms/step - accuracy: 1.0000 - loss: 0.0322
[1m 72/358[0m [32m====[0m[37m================[0m [1m0s[0m 711us/step - accuracy: 0.9669 - loss: 0.0713
[1m147/358[0m [32m========[0m[37m============[0m [1m0s[0m 692us/step - accuracy: 0.9681 - loss: 0.0703
[1m220/358[0m [32m============[0m[37m========[0m [1m0s[0m 693us/step - accuracy: 0.9691 - loss: 0.0706
[1m292/358[0m [32m================[0m[37m====[0m [1m0s[0m 694us/step - accuracy: 0.9693 - loss: 0.0717
[1m358/358[0m [32m====================[0m[37m[0m [1m0s[0m 908us/step - accuracy: 0.9694 - loss: 0.0721 - val_accuracy: 0.9451 - val_loss: 0.1038
Epoch 92/100

[1m  1/358[0m [37m====================[0m [1m6s[0m 19ms/step - accuracy: 1.0000 - loss: 0.0124
[1m 68/358[0m [32m===[0m[37m=================[0m [1m0s[0m 752us/step - accuracy: 0.9696 - loss: 0.0684
[1m140/358[0m [32m=======[0m[37m=============[0m [1m0s[0m 724us/step - accuracy: 0.9695 - loss: 0.0702
[1m211/358[0m [32m===========[0m[37m=========[0m [1m0s[0m 719us/step - accuracy: 0.9696 - loss: 0.0710
[1m282/358[0m [32m===============[0m[37m=====[0m [1m0s[0m 718us/step - accuracy: 0.9695 - loss: 0.0716
[1m351/358[0m [32m===================[0m[37m=[0m [1m0s[0m 720us/step - accuracy: 0.9695 - loss: 0.0719
[1m358/358[0m [32m====================[0m[37m[0m [1m0s[0m 930us/step - accuracy: 0.9696 - loss: 0.0719 - val_accuracy: 0.9513 - val_loss: 0.1127
Epoch 93/100

[1m  1/358[0m [37m====================[0m [1m6s[0m 19ms/step - accuracy: 1.0000 - loss: 0.0080
[1m 73/358[0m [32m====[0m[37m================[0m [1m0s[0m 708us/step - accuracy: 0.9726 - loss: 0.0750
[1m144/358[0m [32m========[0m[37m============[0m [1m0s[0m 708us/step - accuracy: 0.9734 - loss: 0.0725
[1m214/358[0m [32m===========[0m[37m=========[0m [1m0s[0m 711us/step - accuracy: 0.9739 - loss: 0.0714
[1m287/358[0m [32m================[0m[37m====[0m [1m0s[0m 706us/step - accuracy: 0.9735 - loss: 0.0713
[1m358/358[0m [32m====================[0m[37m[0m [1m0s[0m 885us/step - accuracy: 0.9730 - loss: 0.0714 - val_accuracy: 0.9451 - val_loss: 0.1074
Epoch 94/100

[1m  1/358[0m [37m====================[0m [1m6s[0m 19ms/step - accuracy: 0.9375 - loss: 0.0622
[1m 76/358[0m [32m====[0m[37m================[0m [1m0s[0m 668us/step - accuracy: 0.9772 - loss: 0.0659
[1m152/358[0m [32m========[0m[37m============[0m [1m0s[0m 669us/step - accuracy: 0.9734 - loss: 0.0710
[1m225/358[0m [32m============[0m[37m========[0m [1m0s[0m 676us/step - accuracy: 0.9727 - loss: 0.0715
[1m283/358[0m [32m===============[0m[37m=====[0m [1m0s[0m 718us/step - accuracy: 0.9727 - loss: 0.0709
[1m348/358[0m [32m===================[0m[37m=[0m [1m0s[0m 727us/step - accuracy: 0.9725 - loss: 0.0708
[1m358/358[0m [32m====================[0m[37m[0m [1m0s[0m 947us/step - accuracy: 0.9724 - loss: 0.0708 - val_accuracy: 0.9545 - val_loss: 0.1080
Epoch 95/100

[1m  1/358[0m [37m====================[0m [1m7s[0m 21ms/step - accuracy: 1.0000 - loss: 0.0604
[1m 70/358[0m [32m===[0m[37m=================[0m [1m0s[0m 729us/step - accuracy: 0.9608 - loss: 0.1002
[1m137/358[0m [32m=======[0m[37m=============[0m [1m0s[0m 742us/step - accuracy: 0.9645 - loss: 0.0900
[1m202/358[0m [32m===========[0m[37m=========[0m [1m0s[0m 753us/step - accuracy: 0.9654 - loss: 0.0864
[1m269/358[0m [32m===============[0m[37m=====[0m [1m0s[0m 753us/step - accuracy: 0.9667 - loss: 0.0828
[1m338/358[0m [32m==================[0m[37m==[0m [1m0s[0m 747us/step - accuracy: 0.9676 - loss: 0.0802
[1m358/358[0m [32m====================[0m[37m[0m [1m0s[0m 972us/step - accuracy: 0.9678 - loss: 0.0796 - val_accuracy: 0.9498 - val_loss: 0.1007
Epoch 96/100

[1m  1/358[0m [37m====================[0m [1m7s[0m 22ms/step - accuracy: 1.0000 - loss: 0.0174
[1m 73/358[0m [32m====[0m[37m================[0m [1m0s[0m 707us/step - accuracy: 0.9750 - loss: 0.0693
[1m140/358[0m [32m=======[0m[37m=============[0m [1m0s[0m 727us/step - accuracy: 0.9731 - loss: 0.0723
[1m210/358[0m [32m===========[0m[37m=========[0m [1m0s[0m 724us/step - accuracy: 0.9735 - loss: 0.0722
[1m281/358[0m [32m===============[0m[37m=====[0m [1m0s[0m 721us/step - accuracy: 0.9739 - loss: 0.0718
[1m352/358[0m [32m===================[0m[37m=[0m [1m0s[0m 720us/step - accuracy: 0.9739 - loss: 0.0714
[1m358/358[0m [32m====================[0m[37m[0m [1m0s[0m 939us/step - accuracy: 0.9739 - loss: 0.0713 - val_accuracy: 0.9608 - val_loss: 0.1018
Epoch 97/100

[1m  1/358[0m [37m====================[0m [1m7s[0m 22ms/step - accuracy: 1.0000 - loss: 0.0076
[1m 65/358[0m [32m===[0m[37m=================[0m [1m0s[0m 782us/step - accuracy: 0.9834 - loss: 0.0552
[1m125/358[0m [32m======[0m[37m==============[0m [1m0s[0m 814us/step - accuracy: 0.9815 - loss: 0.0574
[1m193/358[0m [32m==========[0m[37m==========[0m [1m0s[0m 791us/step - accuracy: 0.9791 - loss: 0.0602
[1m262/358[0m [32m==============[0m[37m======[0m [1m0s[0m 775us/step - accuracy: 0.9775 - loss: 0.0620
[1m336/358[0m [32m==================[0m[37m==[0m [1m0s[0m 754us/step - accuracy: 0.9765 - loss: 0.0633
[1m358/358[0m [32m====================[0m[37m[0m [1m0s[0m 950us/step - accuracy: 0.9763 - loss: 0.0635 - val_accuracy: 0.9498 - val_loss: 0.1129
Epoch 98/100

[1m  1/358[0m [37m====================[0m [1m6s[0m 18ms/step - accuracy: 1.0000 - loss: 0.0168
[1m 76/358[0m [32m====[0m[37m================[0m [1m0s[0m 668us/step - accuracy: 0.9636 - loss: 0.0797
[1m147/358[0m [32m========[0m[37m============[0m [1m0s[0m 689us/step - accuracy: 0.9672 - loss: 0.0762
[1m223/358[0m [32m============[0m[37m========[0m [1m0s[0m 680us/step - accuracy: 0.9685 - loss: 0.0745
[1m297/358[0m [32m================[0m[37m====[0m [1m0s[0m 679us/step - accuracy: 0.9690 - loss: 0.0738
[1m358/358[0m [32m====================[0m[37m[0m [1m0s[0m 875us/step - accuracy: 0.9693 - loss: 0.0732 - val_accuracy: 0.9623 - val_loss: 0.1018
Epoch 99/100

[1m  1/358[0m [37m====================[0m [1m6s[0m 20ms/step - accuracy: 1.0000 - loss: 0.0119
[1m 76/358[0m [32m====[0m[37m================[0m [1m0s[0m 672us/step - accuracy: 0.9742 - loss: 0.0686
[1m150/358[0m [32m========[0m[37m============[0m [1m0s[0m 677us/step - accuracy: 0.9749 - loss: 0.0672
[1m221/358[0m [32m============[0m[37m========[0m [1m0s[0m 689us/step - accuracy: 0.9747 - loss: 0.0664
[1m284/358[0m [32m===============[0m[37m=====[0m [1m0s[0m 715us/step - accuracy: 0.9743 - loss: 0.0660
[1m354/358[0m [32m===================[0m[37m=[0m [1m0s[0m 718us/step - accuracy: 0.9739 - loss: 0.0661
[1m358/358[0m [32m====================[0m[37m[0m [1m0s[0m 942us/step - accuracy: 0.9739 - loss: 0.0661 - val_accuracy: 0.9670 - val_loss: 0.0945
Epoch 100/100

[1m  1/358[0m [37m====================[0m [1m7s[0m 22ms/step - accuracy: 0.9375 - loss: 0.1140
[1m 67/358[0m [32m===[0m[37m=================[0m [1m0s[0m 760us/step - accuracy: 0.9696 - loss: 0.0823
[1m133/358[0m [32m=======[0m[37m=============[0m [1m0s[0m 765us/step - accuracy: 0.9723 - loss: 0.0736
[1m200/358[0m [32m===========[0m[37m=========[0m [1m0s[0m 761us/step - accuracy: 0.9719 - loss: 0.0722
[1m269/358[0m [32m===============[0m[37m=====[0m [1m0s[0m 754us/step - accuracy: 0.9717 - loss: 0.0714
[1m340/358[0m [32m==================[0m[37m==[0m [1m0s[0m 746us/step - accuracy: 0.9718 - loss: 0.0707
[1m358/358[0m [32m====================[0m[37m[0m [1m0s[0m 978us/step - accuracy: 0.9719 - loss: 0.0705 - val_accuracy: 0.9592 - val_loss: 0.0965

[1m 1/50[0m [37m====================[0m [1m0s[0m 16ms/step - accuracy: 0.9688 - loss: 0.1263
[1m50/50[0m [32m====================[0m[37m[0m [1m0s[0m 1ms/step - accuracy: 0.9642 - loss: 0.0924 

Test accuracy: 0.959

[1m 1/50[0m [37m====================[0m [1m1s[0m 38ms/step
[1m50/50[0m [32m====================[0m[37m[0m [1m0s[0m 1ms/step 
Metrics saved to D:\study\output\sign-glove\backend\AI\training_metrics.json
Visualization plots saved!
Saved artifact at 'C:\Users\Admin\AppData\Local\Temp\tmpcjabj_z5'. The following endpoints are available:

* Endpoint 'serve'
  args_0 (POSITIONAL_ONLY): TensorSpec(shape=(None, 11), dtype=tf.float32, name='keras_tensor')
Output Type:
  TensorSpec(shape=(None, 7), dtype=tf.float32, name=None)
Captures:
  2950868870608: TensorSpec(shape=(), dtype=tf.resource, name=None)
  2950868871568: TensorSpec(shape=(), dtype=tf.resource, name=None)
  2950868871760: TensorSpec(shape=(), dtype=tf.resource, name=None)
  2950868870992: TensorSpec(shape=(), dtype=tf.resource, name=None)
  2950868871952: TensorSpec(shape=(), dtype=tf.resource, name=None)
  2950868871184: TensorSpec(shape=(), dtype=tf.resource, name=None)
WARNING: All log messages before absl::InitializeLog() is called are written to STDERR
W0000 00:00:1757049247.577623   20460 tf_tfl_flatbuffer_helpers.cc:365] Ignored output_format.
W0000 00:00:1757049247.580168   20460 tf_tfl_flatbuffer_helpers.cc:368] Ignored drop_control_dependency.
2025-09-05 12:14:07.586842: I tensorflow/cc/saved_model/reader.cc:83] Reading SavedModel from: C:\Users\Admin\AppData\Local\Temp\tmpcjabj_z5
2025-09-05 12:14:07.598864: I tensorflow/cc/saved_model/reader.cc:52] Reading meta graph with tags { serve }
2025-09-05 12:14:07.598895: I tensorflow/cc/saved_model/reader.cc:147] Reading SavedModel debug info (if present) from: C:\Users\Admin\AppData\Local\Temp\tmpcjabj_z5
I0000 00:00:1757049247.604638   20460 mlir_graph_optimization_pass.cc:425] MLIR V1 optimization pass is not enabled
2025-09-05 12:14:07.605699: I tensorflow/cc/saved_model/loader.cc:236] Restoring SavedModel bundle.
2025-09-05 12:14:07.680806: I tensorflow/cc/saved_model/loader.cc:220] Running initialization op on SavedModel bundle at path: C:\Users\Admin\AppData\Local\Temp\tmpcjabj_z5
2025-09-05 12:14:07.686801: I tensorflow/cc/saved_model/loader.cc:471] SavedModel load for tags { serve }; Status: success: OK. Took 100088 microseconds.
2025-09-05 12:14:07.818535: I tensorflow/compiler/mlir/tensorflow/utils/dump_mlir_util.cc:269] disabling MLIR crash reproducer, set env var `MLIR_CRASH_REPRODUCER_DIRECTORY` to enable.
Model saved to D:\study\output\sign-glove\backend\AI\gesture_model.tflite
Inserted training result into MongoDB: 68ba71a098d198e096b174ba
Training completed successfully!

=== Training finished with code 0 ===
