2025-08-18 15:09:00,340 - INFO - CSV file created: data/raw_data.csv
2025-08-18 15:09:00,341 - ERROR - Failed to connect to serial port: could not open port 'COM5': PermissionError(13, 'Access is denied.', None, 5)
2025-08-18 15:10:23,471 - INFO - Connected to COM5 successfully!
2025-08-18 15:10:23,532 - INFO - [SUCCESS] Read values: [0, 0, 0, 0, 0, -1136, 1356, 13528, -550, -94, 75]
2025-08-18 15:10:23,631 - INFO - [SUCCESS] Read values: [0, 0, 0, 0, 0, -872, 1648, 13652, -548, -140, 16]
2025-08-18 15:10:23,733 - INFO - [SUCCESS] Read values: [0, 0, 0, 0, 0, -908, 1676, 13740, -595, -136, -130]
2025-08-18 15:10:23,835 - INFO - [SUCCESS] Read values: [0, 0, 0, 0, 0, -796, 1696, 13860, -587, -150, -156]
2025-08-18 15:10:23,937 - INFO - [SUCCESS] Read values: [0, 0, 0, 0, 0, -720, 1612, 13892, -560, -157, -67]
2025-08-18 15:10:24,038 - INFO - [SUCCESS] Read values: [0, 0, 0, 0, 0, -728, 1672, 13792, -567, -178, -10]
2025-08-18 15:10:24,141 - INFO - [SUCCESS] Read values: [0, 0, 0, 0, 0, -788, 1632, 13824, -584, -152, -142]
2025-08-18 15:10:24,243 - INFO - [SUCCESS] Read values: [0, 0, 0, 0, 0, -780, 1704, 13720, -502, -224, 45]
2025-08-18 15:10:24,345 - INFO - [SUCCESS] Read values: [0, 0, 0, 0, 0, -808, 1892, 13776, -518, -120, -572]
2025-08-18 15:10:24,447 - INFO - [SUCCESS] Read values: [0, 0, 0, 0, 0, -784, 1588, 13916, -612, -137, -154]
2025-08-18 15:10:24,549 - INFO - [SUCCESS] Read values: [0, 0, 0, 0, 0, -876, 1580, 13896, -551, -153, -151]
2025-08-18 15:10:24,651 - INFO - [SUCCESS] Read values: [0, 0, 0, 0, 0, -788, 1632, 13724, -571, -144, -145]
2025-08-18 15:10:24,753 - INFO - [SUCCESS] Read values: [0, 0, 0, 0, 0, -856, 1604, 13664, -590, -132, -153]
2025-08-18 15:10:24,855 - INFO - [SUCCESS] Read values: [0, 0, 0, 0, 0, -732, 1676, 13796, -602, -169, -143]
2025-08-18 15:10:24,957 - INFO - [SUCCESS] Read values: [0, 0, 0, 0, 0, -784, 1572, 13764, -601, -152, -171]
2025-08-18 15:10:25,059 - INFO - [SUCCESS] Read values: [0, 0, 0, 0, 0, -868, 1632, 13780, -558, -135, -162]
2025-08-18 15:10:25,161 - INFO - [SUCCESS] Read values: [0, 0, 0, 0, 0, -848, 1552, 13820, -560, -126, -155]
2025-08-18 15:10:25,263 - INFO - [SUCCESS] Read values: [0, 0, 0, 0, 0, -800, 1616, 13736, -546, -156, -152]
2025-08-18 15:10:25,365 - INFO - [SUCCESS] Read values: [0, 0, 0, 0, 0, -772, 1644, 13776, -596, -161, -139]
2025-08-18 15:10:25,467 - INFO - [SUCCESS] Read values: [0, 0, 0, 0, 0, -924, 1640, 13744, -582, -146, -157]
2025-08-18 15:10:25,569 - INFO - [SUCCESS] Read values: [0, 0, 0, 0, 0, -748, 1644, 13828, -590, -111, -162]
2025-08-18 15:10:25,671 - INFO - [SUCCESS] Read values: [0, 0, 0, 0, 0, -840, 1640, 13860, -589, -148, -158]
2025-08-18 15:10:25,773 - INFO - [SUCCESS] Read values: [0, 0, 0, 0, 0, -828, 1636, 13852, -560, -145, -156]
2025-08-18 15:10:25,874 - INFO - [SUCCESS] Read values: [0, 0, 0, 0, 0, -832, 1596, 13680, -582, -125, -176]
2025-08-18 15:10:25,977 - INFO - [SUCCESS] Read values: [0, 0, 0, 0, 0, -824, 1596, 13696, -619, -161, -152]
2025-08-18 15:10:26,079 - INFO - [SUCCESS] Read values: [0, 0, 0, 0, 0, -752, 1704, 13764, -596, -173, -152]
2025-08-18 15:10:26,181 - INFO - [SUCCESS] Read values: [0, 0, 0, 0, 0, -832, 1696, 13596, -596, -134, -166]
2025-08-18 15:10:26,283 - INFO - [SUCCESS] Read values: [0, 0, 0, 0, 0, -732, 1676, 13772, -580, -160, -147]
2025-08-18 15:10:26,385 - INFO - [SUCCESS] Read values: [0, 0, 0, 0, 0, -804, 1596, 13764, -591, -171, -159]
2025-08-18 15:10:26,487 - INFO - [SUCCESS] Read values: [0, 0, 0, 0, 0, -832, 1656, 13696, -634, -133, -143]
2025-08-18 15:10:26,589 - INFO - [SUCCESS] Read values: [0, 0, 0, 0, 0, -852, 1612, 13612, -598, -155, -143]
2025-08-18 15:10:26,691 - INFO - [SUCCESS] Read values: [0, 0, 0, 0, 0, -892, 1644, 13840, -580, -132, -165]
2025-08-18 15:10:26,793 - INFO - [SUCCESS] Read values: [0, 0, 0, 0, 0, -796, 1728, 13904, -625, -145, -174]
2025-08-18 15:10:26,895 - INFO - [SUCCESS] Read values: [0, 0, 0, 0, 0, -792, 1680, 13816, -584, -166, -135]
2025-08-18 15:10:26,997 - INFO - [SUCCESS] Read values: [0, 0, 0, 0, 0, -820, 1592, 13848, -570, -152, -152]
2025-08-18 15:10:27,099 - INFO - [SUCCESS] Read values: [0, 0, 0, 0, 0, -760, 1588, 13808, -592, -130, -148]
2025-08-18 15:10:27,201 - INFO - [SUCCESS] Read values: [0, 0, 0, 0, 0, -808, 1608, 13852, -585, -163, -139]
2025-08-18 15:10:27,303 - INFO - [SUCCESS] Read values: [0, 0, 0, 0, 0, -768, 1644, 13820, -570, -150, -158]
2025-08-18 15:10:27,405 - INFO - [SUCCESS] Read values: [0, 0, 0, 0, 0, -828, 1632, 13720, -599, -137, -142]
2025-08-18 15:10:27,507 - INFO - [SUCCESS] Read values: [0, 0, 0, 0, 0, -788, 1620, 13764, -622, -176, -149]
2025-08-18 15:10:27,589 - ERROR - WebSocket error: [WinError 1225] The remote computer refused the network connection
2025-08-18 15:10:27,609 - INFO - [SUCCESS] Read values: [0, 0, 0, 0, 0, -768, 1584, 13676, -594, -149, -140]
2025-08-18 15:10:27,711 - INFO - [SUCCESS] Read values: [0, 0, 0, 0, 0, -912, 1696, 13688, -565, -172, -149]
2025-08-18 15:10:27,813 - INFO - [SUCCESS] Read values: [0, 0, 0, 0, 0, -784, 1768, 13660, -555, -157, -163]
2025-08-18 15:10:27,915 - INFO - [SUCCESS] Read values: [0, 0, 0, 0, 0, -884, 1656, 13932, -587, -141, -178]
2025-08-18 15:10:28,017 - INFO - [SUCCESS] Read values: [0, 0, 0, 0, 0, -860, 1520, 13792, -574, -150, -138]
2025-08-18 15:10:28,119 - INFO - [SUCCESS] Read values: [0, 0, 0, 0, 0, -772, 1664, 13868, -647, -157, -148]
2025-08-18 15:10:28,221 - INFO - [SUCCESS] Read values: [0, 0, 0, 0, 0, -784, 1592, 13856, -590, -155, -151]
2025-08-18 15:10:28,322 - INFO - [SUCCESS] Read values: [0, 0, 0, 0, 0, -764, 1596, 13640, -567, -152, -162]
2025-08-18 15:10:28,425 - INFO - [SUCCESS] Read values: [0, 0, 0, 0, 0, -772, 1604, 13704, -597, -144, -160]
2025-08-18 15:10:28,527 - INFO - [SUCCESS] Read values: [0, 0, 0, 0, 0, -760, 1632, 13928, -609, -173, -161]
2025-08-18 15:10:28,629 - INFO - [SUCCESS] Read values: [0, 0, 0, 0, 0, -752, 1628, 13792, -589, -139, -162]
2025-08-18 15:10:28,731 - INFO - [SUCCESS] Read values: [0, 0, 0, 0, 0, -832, 1548, 13700, -582, -169, -146]
2025-08-18 15:10:28,833 - INFO - [SUCCESS] Read values: [0, 0, 0, 0, 0, -784, 1680, 13776, -588, -167, -153]
2025-08-18 15:10:28,935 - INFO - [SUCCESS] Read values: [0, 0, 0, 0, 0, -792, 1660, 13756, -591, -166, -160]
2025-08-18 15:10:29,036 - INFO - [SUCCESS] Read values: [0, 0, 0, 0, 0, -716, 1624, 13792, -577, -150, -178]
2025-08-18 15:10:29,139 - INFO - [SUCCESS] Read values: [0, 0, 0, 0, 0, -828, 1636, 13808, -615, -158, -136]
2025-08-18 15:10:29,241 - INFO - [SUCCESS] Read values: [0, 0, 0, 0, 0, -828, 1736, 13952, -617, -140, -146]
2025-08-18 15:10:29,343 - INFO - [SUCCESS] Read values: [0, 0, 0, 0, 0, -696, 1668, 13816, -579, -146, -117]
2025-08-18 15:10:29,445 - INFO - [SUCCESS] Read values: [0, 0, 0, 0, 0, -912, 1604, 13752, -589, -162, -172]
2025-08-18 15:10:29,546 - INFO - [SUCCESS] Read values: [0, 0, 0, 0, 0, -888, 1660, 13748, -608, -156, -147]
2025-08-18 15:10:29,649 - INFO - [SUCCESS] Read values: [0, 0, 0, 0, 0, -684, 1588, 13768, -590, -176, -147]
2025-08-18 15:10:29,751 - INFO - [SUCCESS] Read values: [0, 0, 0, 0, 0, -772, 1612, 13636, -616, -155, -157]
2025-08-18 15:10:29,853 - INFO - [SUCCESS] Read values: [0, 0, 0, 0, 0, -768, 1528, 13116, -488, -134, -171]
2025-08-18 15:10:29,955 - INFO - [SUCCESS] Read values: [0, 0, 0, 0, 0, -868, 1720, 13700, -570, -205, -145]
2025-08-18 15:10:30,057 - INFO - [SUCCESS] Read values: [0, 0, 0, 0, 0, -780, 1576, 13924, -552, -125, -141]
2025-08-18 15:10:30,159 - INFO - [SUCCESS] Read values: [0, 0, 0, 0, 0, -828, 1632, 13760, -626, -165, -157]
2025-08-18 15:10:30,261 - INFO - [SUCCESS] Read values: [0, 0, 0, 0, 0, -784, 1580, 13720, -574, -185, -142]
2025-08-18 15:10:30,363 - INFO - [SUCCESS] Read values: [0, 0, 0, 0, 0, -812, 1740, 13592, -611, -145, -163]
2025-08-18 15:10:30,464 - INFO - [SUCCESS] Read values: [0, 0, 0, 0, 0, -668, 1408, 13120, -1244, -337, -191]
2025-08-18 15:10:30,567 - INFO - [SUCCESS] Read values: [0, 0, 0, 0, 0, -724, 1536, 13724, -799, -101, -905]
2025-08-18 15:10:30,669 - INFO - [SUCCESS] Read values: [0, 0, 0, 0, 0, -964, 1436, 13696, -502, -160, -104]
2025-08-18 15:10:30,771 - INFO - [SUCCESS] Read values: [0, 0, 0, 0, 0, -708, 1512, 13728, -637, -129, -145]
2025-08-18 15:10:30,872 - INFO - [SUCCESS] Read values: [0, 0, 0, 0, 0, -808, 1472, 13756, -605, -176, -146]
2025-08-18 15:10:30,975 - INFO - [SUCCESS] Read values: [0, 0, 0, 0, 0, -900, 1564, 13980, -586, -161, -149]
2025-08-18 15:10:31,076 - INFO - [SUCCESS] Read values: [0, 0, 0, 0, 0, -888, 1452, 13932, -596, -192, -170]
2025-08-18 15:10:31,179 - INFO - [SUCCESS] Read values: [0, 0, 0, 0, 0, -752, 1520, 13560, -625, -122, -192]
2025-08-18 15:10:31,280 - INFO - [SUCCESS] Read values: [0, 0, 0, 0, 0, -804, 1540, 13840, -564, -150, -163]
2025-08-18 15:10:31,383 - INFO - [SUCCESS] Read values: [0, 0, 0, 0, 0, -928, 1612, 13756, -570, -191, -136]
2025-08-18 15:10:31,485 - INFO - [SUCCESS] Read values: [0, 0, 0, 0, 0, -812, 1672, 13784, -577, -171, -147]
2025-08-18 15:10:31,586 - INFO - [SUCCESS] Read values: [0, 0, 0, 0, 0, -816, 1608, 13696, -584, -103, -144]
2025-08-18 15:10:31,689 - INFO - [SUCCESS] Read values: [0, 0, 0, 0, 0, -872, 1624, 13616, -591, -120, -148]
2025-08-18 15:10:31,791 - INFO - [SUCCESS] Read values: [0, 0, 0, 0, 0, -808, 1596, 13884, -617, -163, -156]
2025-08-18 15:10:31,893 - INFO - [SUCCESS] Read values: [0, 0, 0, 0, 0, -824, 1612, 13772, -617, -162, -151]
2025-08-18 15:10:31,995 - INFO - [SUCCESS] Read values: [0, 0, 0, 0, 0, -864, 1672, 13608, -559, -165, -159]
2025-08-18 15:10:32,097 - INFO - [SUCCESS] Read values: [0, 0, 0, 0, 0, -792, 1628, 13804, -601, -162, -162]
2025-08-18 15:10:32,199 - INFO - [SUCCESS] Read values: [0, 0, 0, 0, 0, -892, 1584, 13880, -628, -107, -145]
2025-08-18 15:10:32,300 - INFO - [SUCCESS] Read values: [0, 0, 0, 0, 0, -760, 1684, 13940, -546, -200, -130]
2025-08-18 15:10:32,402 - INFO - [SUCCESS] Read values: [0, 0, 0, 0, 0, -884, 1580, 13664, -555, -150, -148]
2025-08-18 15:10:32,505 - INFO - [SUCCESS] Read values: [0, 0, 0, 0, 0, -764, 1556, 13724, -622, -154, -154]
2025-08-18 15:10:32,607 - INFO - [SUCCESS] Read values: [0, 0, 0, 0, 0, -752, 1512, 13676, -484, -182, -190]
2025-08-18 15:10:32,708 - INFO - [SUCCESS] Read values: [0, 0, 0, 0, 0, -708, 1604, 13860, -563, -144, -158]
2025-08-18 15:10:32,811 - INFO - [SUCCESS] Read values: [0, 0, 0, 0, 0, -804, 1604, 13848, -586, -156, -142]
2025-08-18 15:10:32,913 - INFO - [SUCCESS] Read values: [0, 0, 0, 0, 0, -856, 1576, 13648, -581, -171, -138]
2025-08-18 15:10:33,015 - INFO - [SUCCESS] Read values: [0, 0, 0, 0, 0, -836, 1648, 13876, -580, -142, -185]
2025-08-18 15:10:33,117 - INFO - [SUCCESS] Read values: [0, 0, 0, 0, 0, -856, 1524, 13780, -575, -156, -173]
2025-08-18 15:10:33,219 - INFO - [SUCCESS] Read values: [0, 0, 0, 0, 0, -812, 1584, 13648, -586, -169, -158]
2025-08-18 15:10:33,321 - INFO - [SUCCESS] Read values: [0, 0, 0, 0, 0, -908, 1532, 13940, -589, -137, -152]
2025-08-18 15:10:33,423 - INFO - [SUCCESS] Read values: [0, 0, 0, 0, 0, -832, 1548, 13960, -628, -173, -163]
2025-08-18 15:10:33,525 - INFO - [SUCCESS] Read values: [0, 0, 0, 0, 0, -828, 1452, 13844, -608, -177, -144]
2025-08-18 15:10:33,627 - INFO - [SUCCESS] Read values: [0, 0, 0, 0, 0, -744, 1644, 13792, -569, -185, -145]
2025-08-18 15:10:33,729 - INFO - [SUCCESS] Read values: [0, 0, 0, 0, 0, -788, 1580, 13816, -563, -160, -157]
2025-08-18 15:10:33,830 - INFO - [SUCCESS] Read values: [0, 0, 0, 0, 0, -836, 1552, 13788, -604, -131, -149]
2025-08-18 15:10:33,933 - INFO - [SUCCESS] Read values: [0, 0, 0, 0, 0, -764, 1632, 13848, -567, -163, -159]
2025-08-18 15:10:34,035 - INFO - [SUCCESS] Read values: [0, 0, 0, 0, 0, -848, 1612, 13752, -593, -142, -156]
2025-08-18 15:10:34,137 - INFO - [SUCCESS] Read values: [0, 0, 0, 0, 0, -892, 1540, 13860, -586, -148, -119]
2025-08-18 15:10:34,239 - INFO - [SUCCESS] Read values: [0, 0, 0, 0, 0, -740, 1572, 13756, -587, -164, -175]
2025-08-18 15:10:34,341 - INFO - [SUCCESS] Read values: [0, 0, 0, 0, 0, -860, 1580, 13740, -580, -154, -139]
2025-08-18 15:10:34,442 - INFO - [SUCCESS] Read values: [0, 0, 0, 0, 0, -912, 1640, 13800, -576, -127, -166]
2025-08-18 15:10:34,545 - INFO - [SUCCESS] Read values: [0, 0, 0, 0, 0, -760, 1572, 13744, -598, -133, -139]
2025-08-18 15:10:34,647 - INFO - [SUCCESS] Read values: [0, 0, 0, 0, 0, -804, 1560, 13976, -597, -148, -157]
2025-08-18 15:10:34,748 - INFO - [SUCCESS] Read values: [0, 0, 0, 0, 0, -776, 1656, 13724, -650, -145, -229]
2025-08-18 15:10:34,851 - INFO - [SUCCESS] Read values: [0, 0, 0, 0, 0, -748, 1596, 13740, -568, -163, -140]
2025-08-18 15:10:34,953 - INFO - [SUCCESS] Read values: [0, 0, 0, 0, 0, -784, 1660, 13804, -553, -143, -155]
2025-08-18 15:10:35,054 - INFO - [SUCCESS] Read values: [0, 0, 0, 0, 0, -800, 1676, 13820, -578, -171, -175]
2025-08-18 15:10:35,157 - INFO - [SUCCESS] Read values: [0, 0, 0, 0, 0, -820, 1584, 13788, -484, -187, -199]
2025-08-18 15:10:35,259 - INFO - [SUCCESS] Read values: [0, 0, 0, 0, 0, -744, 1584, 13840, -561, -190, -157]
2025-08-18 15:10:35,361 - INFO - [SUCCESS] Read values: [0, 0, 0, 0, 0, -788, 1516, 13796, -580, -166, -146]
2025-08-18 15:10:35,463 - INFO - [SUCCESS] Read values: [0, 0, 0, 0, 0, -764, 1356, 14108, -708, -57, -202]
2025-08-18 15:10:35,565 - INFO - [SUCCESS] Read values: [0, 0, 0, 0, 0, -864, 1580, 13780, -567, -146, -174]
2025-08-18 15:10:35,667 - INFO - [SUCCESS] Read values: [0, 0, 0, 0, 0, -844, 1576, 13860, -586, -162, -161]
2025-08-18 15:10:35,769 - INFO - [SUCCESS] Read values: [0, 0, 0, 0, 0, -884, 1568, 13632, -627, -147, -152]
2025-08-18 15:10:35,871 - INFO - [SUCCESS] Read values: [0, 0, 0, 0, 0, -804, 1520, 13872, -582, -125, -157]
2025-08-18 15:10:35,973 - INFO - [SUCCESS] Read values: [0, 0, 0, 0, 0, -840, 1632, 13780, -577, -119, -144]
2025-08-18 15:10:36,075 - INFO - [SUCCESS] Read values: [0, 0, 0, 0, 0, -804, 1504, 13808, -564, -150, -153]
2025-08-18 15:10:36,177 - INFO - [SUCCESS] Read values: [0, 0, 0, 0, 0, -812, 1516, 13760, -575, -159, -150]
2025-08-18 15:10:36,278 - INFO - [SUCCESS] Read values: [0, 0, 0, 0, 0, -868, 1620, 13756, -598, -161, -146]
2025-08-18 15:10:36,381 - INFO - [SUCCESS] Read values: [0, 0, 0, 0, 0, -896, 1660, 13920, -578, -142, -143]
2025-08-18 15:10:36,483 - INFO - [SUCCESS] Read values: [0, 0, 0, 0, 0, -904, 1564, 13860, -629, -166, -151]
2025-08-18 15:10:36,584 - INFO - [SUCCESS] Read values: [0, 0, 0, 0, 0, -880, 1476, 13712, -598, -135, -141]
2025-08-18 15:10:36,687 - INFO - [SUCCESS] Read values: [0, 0, 0, 0, 0, -820, 1544, 13700, -573, -121, -161]
2025-08-18 15:10:36,789 - INFO - [SUCCESS] Read values: [0, 0, 0, 0, 0, -988, 1432, 13452, -654, -121, -158]
2025-08-18 15:10:36,891 - INFO - [SUCCESS] Read values: [0, 0, 0, 0, 0, -848, 1672, 13864, -608, -182, -188]
2025-08-18 15:10:36,993 - INFO - [SUCCESS] Read values: [0, 0, 0, 0, 0, -844, 1516, 13728, -604, -175, -151]
2025-08-18 15:10:37,094 - INFO - [SUCCESS] Read values: [0, 0, 0, 0, 0, -796, 1492, 13684, -598, -141, -147]
2025-08-18 15:10:37,197 - INFO - [SUCCESS] Read values: [0, 0, 0, 0, 0, -780, 1544, 13784, -560, -149, -161]
2025-08-18 15:10:37,299 - INFO - [SUCCESS] Read values: [0, 0, 0, 0, 0, -772, 1524, 13864, -570, -140, -167]
2025-08-18 15:10:37,401 - INFO - [SUCCESS] Read values: [0, 0, 0, 0, 0, -904, 1644, 13936, -612, -154, -142]
2025-08-18 15:10:37,503 - INFO - [SUCCESS] Read values: [0, 0, 0, 0, 0, -800, 1536, 13916, -603, -173, -158]
2025-08-18 15:10:37,605 - INFO - [SUCCESS] Read values: [0, 0, 0, 0, 0, -772, 1572, 13732, -590, -160, -153]
2025-08-18 15:10:37,706 - INFO - [SUCCESS] Read values: [0, 0, 0, 0, 0, -796, 1608, 13756, -576, -144, -149]
2025-08-18 15:10:37,809 - INFO - [SUCCESS] Read values: [0, 0, 0, 0, 0, -784, 1580, 13784, -569, -170, -143]
2025-08-18 15:10:37,911 - INFO - [SUCCESS] Read values: [0, 0, 0, 0, 0, -1032, 1540, 13748, -584, -148, -161]
2025-08-18 15:10:38,013 - INFO - [SUCCESS] Read values: [0, 0, 0, 0, 0, -848, 1628, 13772, -591, -169, -153]
2025-08-18 15:10:38,115 - INFO - [SUCCESS] Read values: [0, 0, 0, 0, 0, -860, 1608, 13740, -607, -148, -158]
2025-08-18 15:10:38,217 - INFO - [SUCCESS] Read values: [0, 0, 0, 0, 0, -900, 1540, 13636, -565, -168, -164]
2025-08-18 15:10:38,318 - INFO - [SUCCESS] Read values: [0, 0, 0, 0, 0, -876, 1544, 13792, -587, -162, -149]
2025-08-18 15:10:38,420 - INFO - [SUCCESS] Read values: [0, 0, 0, 0, 0, -928, 1592, 13904, -621, -153, -164]
2025-08-18 15:10:38,522 - INFO - [SUCCESS] Read values: [0, 0, 0, 0, 0, -800, 1568, 13704, -574, -135, -142]
2025-08-18 15:10:38,624 - INFO - [SUCCESS] Read values: [0, 0, 0, 0, 0, -820, 1344, 13640, -548, -127, -151]
2025-08-18 15:10:38,727 - INFO - [SUCCESS] Read values: [0, 0, 0, 0, 0, -896, 1604, 13924, -601, -178, -157]
2025-08-18 15:10:38,829 - INFO - [SUCCESS] Read values: [0, 0, 0, 0, 0, -816, 1512, 13804, -575, -154, -158]
2025-08-18 15:10:38,931 - INFO - [SUCCESS] Read values: [0, 0, 0, 0, 0, -880, 1508, 13976, -609, -146, -164]
2025-08-18 15:10:39,033 - INFO - [SUCCESS] Read values: [0, 0, 0, 0, 0, -832, 1576, 13856, -583, -141, -146]
2025-08-18 15:10:39,135 - INFO - [SUCCESS] Read values: [0, 0, 0, 0, 0, -940, 1744, 13720, -626, -143, -179]
2025-08-18 15:10:39,236 - INFO - [SUCCESS] Read values: [0, 0, 0, 0, 0, -844, 1572, 13792, -585, -129, -161]
2025-08-18 15:10:39,339 - INFO - [SUCCESS] Read values: [0, 0, 0, 0, 0, -912, 1536, 13708, -553, -147, -146]
2025-08-18 15:10:39,440 - INFO - [SUCCESS] Read values: [0, 0, 0, 0, 0, -712, 1592, 13856, -574, -151, -175]
2025-08-18 15:10:39,543 - INFO - [SUCCESS] Read values: [0, 0, 0, 0, 0, -888, 1576, 13864, -577, -113, -156]
2025-08-18 15:10:39,645 - INFO - [SUCCESS] Read values: [0, 0, 0, 0, 0, -792, 1604, 13884, -585, -169, -143]
2025-08-18 15:10:39,747 - INFO - [SUCCESS] Read values: [0, 0, 0, 0, 0, -800, 1552, 13764, -596, -152, -153]
2025-08-18 15:10:39,849 - INFO - [SUCCESS] Read values: [0, 0, 0, 0, 0, -760, 1560, 13748, -564, -160, -152]
2025-08-18 15:10:39,951 - INFO - [SUCCESS] Read values: [0, 0, 0, 0, 0, -912, 1560, 13816, -587, -161, -147]
2025-08-18 15:10:40,053 - INFO - [SUCCESS] Read values: [0, 0, 0, 0, 0, -836, 1564, 13648, -566, -118, -169]
2025-08-18 15:10:40,155 - INFO - [SUCCESS] Read values: [0, 0, 0, 0, 0, -836, 1456, 13968, -632, -167, -124]
2025-08-18 15:10:40,257 - INFO - [SUCCESS] Read values: [0, 0, 0, 0, 0, -840, 1576, 13660, -586, -132, -149]
2025-08-18 15:10:40,359 - INFO - [SUCCESS] Read values: [0, 0, 0, 0, 0, -916, 1584, 13756, -577, -154, -163]
2025-08-18 15:10:40,461 - INFO - [SUCCESS] Read values: [0, 0, 0, 0, 0, -796, 1560, 13716, -586, -119, -142]
2025-08-18 15:10:40,562 - INFO - [SUCCESS] Read values: [0, 0, 0, 0, 0, -900, 1460, 13640, -663, -135, -193]
2025-08-18 15:10:40,664 - INFO - [SUCCESS] Read values: [0, 0, 0, 0, 0, -724, 1536, 13728, -588, -159, -133]
2025-08-18 15:10:40,766 - INFO - [SUCCESS] Read values: [0, 0, 0, 0, 0, -928, 1548, 13816, -572, -155, -177]
2025-08-18 15:10:40,868 - INFO - [SUCCESS] Read values: [0, 0, 0, 0, 0, -712, 1540, 13660, -582, -149, -144]
2025-08-18 15:10:40,970 - INFO - [SUCCESS] Read values: [0, 0, 0, 0, 0, -796, 1472, 13684, -587, -147, -173]
2025-08-18 15:10:41,072 - INFO - [SUCCESS] Read values: [0, 0, 0, 0, 0, -852, 1636, 13772, -617, -157, -164]
2025-08-18 15:10:41,175 - INFO - [SUCCESS] Read values: [0, 0, 0, 0, 0, -892, 1684, 13856, -584, -134, -179]
2025-08-18 15:10:41,277 - INFO - [SUCCESS] Read values: [0, 0, 0, 0, 0, -780, 1540, 13772, -587, -127, -154]
2025-08-18 15:10:41,379 - INFO - [SUCCESS] Read values: [0, 0, 0, 0, 0, -936, 1732, 13728, -598, -143, -176]
2025-08-18 15:10:41,481 - INFO - [SUCCESS] Read values: [0, 0, 0, 0, 0, -860, 1780, 13760, -567, -143, -160]
2025-08-18 15:10:41,583 - INFO - [SUCCESS] Read values: [0, 0, 0, 0, 0, -816, 1656, 13812, -613, -163, -150]
2025-08-18 15:10:41,685 - INFO - [SUCCESS] Read values: [0, 0, 0, 0, 0, -948, 1592, 13700, -609, -122, -158]
2025-08-18 15:10:41,786 - INFO - [SUCCESS] Read values: [0, 0, 0, 0, 0, -948, 1620, 13864, -577, -160, -174]
2025-08-18 15:10:41,889 - INFO - [SUCCESS] Read values: [0, 0, 0, 0, 0, -820, 1544, 13696, -584, -176, -124]
2025-08-18 15:10:41,991 - INFO - [SUCCESS] Read values: [0, 0, 0, 0, 0, -816, 1552, 13804, -587, -137, -149]
2025-08-18 15:10:42,093 - INFO - [SUCCESS] Read values: [0, 0, 0, 0, 0, -864, 1560, 13936, -573, -164, -176]
2025-08-18 15:10:42,195 - INFO - [SUCCESS] Read values: [0, 0, 0, 0, 0, -912, 1632, 13796, -593, -138, -170]
2025-08-18 15:10:42,297 - INFO - [SUCCESS] Read values: [0, 0, 0, 0, 0, -812, 1552, 13856, -597, -132, -155]
2025-08-18 15:10:42,398 - INFO - [SUCCESS] Read values: [0, 0, 0, 0, 0, -748, 1584, 13840, -594, -188, -133]
2025-08-18 15:10:42,501 - INFO - [SUCCESS] Read values: [0, 0, 0, 0, 0, -800, 1648, 13656, -571, -168, -158]
2025-08-18 15:10:42,603 - INFO - [SUCCESS] Read values: [0, 0, 0, 0, 0, -888, 1524, 13804, -569, -176, -117]
2025-08-18 15:10:42,705 - INFO - [SUCCESS] Read values: [0, 0, 0, 0, 0, -852, 1560, 13840, -561, -171, -178]
2025-08-18 15:10:42,807 - INFO - [SUCCESS] Read values: [0, 0, 0, 0, 0, -844, 1568, 14056, -581, -146, -169]
2025-08-18 15:10:42,908 - INFO - [SUCCESS] Read values: [0, 0, 0, 0, 0, -900, 1632, 13796, -585, -128, -160]
2025-08-18 15:10:43,011 - INFO - [SUCCESS] Read values: [0, 0, 0, 0, 0, -856, 1556, 13864, -589, -151, -153]
2025-08-18 15:10:43,113 - INFO - [SUCCESS] Read values: [0, 0, 0, 0, 0, -900, 1532, 13704, -587, -152, -168]
2025-08-18 15:10:43,214 - INFO - [SUCCESS] Read values: [0, 0, 0, 0, 0, -780, 1568, 13740, -603, -151, -162]
2025-08-18 15:10:43,317 - INFO - [SUCCESS] Read values: [0, 0, 0, 0, 0, -880, 1608, 13884, -602, -161, -150]
2025-08-18 15:10:43,419 - INFO - [SUCCESS] Read values: [0, 0, 0, 0, 0, -880, 1524, 13536, -576, -133, -158]
2025-08-18 15:10:43,521 - INFO - [SUCCESS] Read values: [0, 0, 0, 0, 0, -872, 1540, 13844, -599, -144, -145]
2025-08-18 15:10:43,623 - INFO - [SUCCESS] Read values: [0, 0, 0, 0, 0, -872, 1648, 13732, -572, -176, -171]
2025-08-18 15:10:43,725 - INFO - [SUCCESS] Read values: [0, 0, 0, 0, 0, -920, 1472, 13892, -576, -161, -155]
2025-08-18 15:10:43,826 - INFO - [SUCCESS] Read values: [0, 0, 0, 0, 0, -880, 1592, 13824, -632, -170, -125]
2025-08-18 15:10:43,929 - INFO - [SUCCESS] Read values: [0, 0, 0, 0, 0, -864, 1484, 13864, -593, -153, -141]
2025-08-18 15:10:44,031 - INFO - [SUCCESS] Read values: [0, 0, 0, 0, 0, -928, 1596, 13816, -617, -166, -136]
2025-08-18 15:10:44,133 - INFO - [SUCCESS] Read values: [0, 0, 0, 0, 0, -876, 1500, 13752, -561, -182, -153]
2025-08-18 15:10:44,235 - INFO - [SUCCESS] Read values: [0, 0, 0, 0, 0, -916, 1532, 13804, -609, -156, -150]
2025-08-18 15:10:44,337 - INFO - [SUCCESS] Read values: [0, 0, 0, 0, 0, -860, 1692, 13808, -596, -145, -151]
2025-08-18 15:10:44,439 - INFO - [SUCCESS] Read values: [0, 0, 0, 0, 0, -880, 1632, 13788, -567, -137, -158]
2025-08-18 15:10:44,540 - INFO - [SUCCESS] Read values: [0, 0, 0, 0, 0, -768, 1536, 13732, -575, -146, -127]
2025-08-18 15:10:44,643 - INFO - [SUCCESS] Read values: [0, 0, 0, 0, 0, -844, 1552, 13848, -560, -149, -182]
2025-08-18 15:10:44,744 - INFO - [SUCCESS] Read values: [0, 0, 0, 0, 0, -964, 1636, 13952, -565, -166, -181]
2025-08-18 15:10:44,847 - INFO - [SUCCESS] Read values: [0, 0, 0, 0, 0, -924, 1572, 13956, -589, -153, -160]
2025-08-18 15:10:44,949 - INFO - [SUCCESS] Read values: [0, 0, 0, 0, 0, -840, 1636, 13736, -585, -161, -164]
2025-08-18 15:10:45,051 - INFO - [SUCCESS] Read values: [0, 0, 0, 0, 0, -836, 1556, 13760, -583, -152, -135]
2025-08-18 15:10:45,153 - INFO - [SUCCESS] Read values: [0, 0, 0, 0, 0, -832, 1588, 13788, -553, -156, -156]
2025-08-18 15:10:45,255 - INFO - [SUCCESS] Read values: [0, 0, 0, 0, 0, -868, 1556, 13564, -585, -122, -164]
2025-08-18 15:10:45,357 - INFO - [SUCCESS] Read values: [0, 0, 0, 0, 0, -828, 1696, 13900, -535, -154, -140]
2025-08-18 15:10:45,459 - INFO - [SUCCESS] Read values: [0, 0, 0, 0, 0, -796, 1664, 13748, -601, -155, -139]
2025-08-18 15:10:45,561 - INFO - [SUCCESS] Read values: [0, 0, 0, 0, 0, -864, 1348, 13880, -664, -85, -272]
2025-08-18 15:10:45,662 - INFO - [SUCCESS] Read values: [0, 0, 0, 0, 0, -768, 1672, 13828, -569, -177, -161]
2025-08-18 15:10:45,765 - INFO - [SUCCESS] Read values: [0, 0, 0, 0, 0, -900, 1556, 13800, -543, -166, -140]
2025-08-18 15:10:45,867 - INFO - [SUCCESS] Read values: [0, 0, 0, 0, 0, -904, 1544, 13792, -622, -154, -156]
2025-08-18 15:10:45,969 - INFO - [SUCCESS] Read values: [0, 0, 0, 0, 0, -700, 1620, 13808, -596, -152, -153]
2025-08-18 15:10:46,071 - INFO - [SUCCESS] Read values: [0, 0, 0, 0, 0, -848, 1564, 13856, -601, -132, -144]
2025-08-18 15:10:46,173 - INFO - [SUCCESS] Read values: [0, 0, 0, 0, 0, -784, 1648, 13748, -559, -182, -115]
2025-08-18 15:10:46,274 - INFO - [SUCCESS] Read values: [0, 0, 0, 0, 0, -860, 1524, 13784, -584, -134, -158]
2025-08-18 15:10:46,376 - INFO - [SUCCESS] Read values: [0, 0, 0, 0, 0, -852, 1500, 13656, -625, -156, -195]
2025-08-18 15:10:46,478 - INFO - [SUCCESS] Read values: [0, 0, 0, 0, 0, -856, 1532, 13820, -610, -140, -175]
2025-08-18 15:10:46,581 - INFO - [SUCCESS] Read values: [0, 0, 0, 0, 0, -992, 1300, 13696, -597, -139, -111]
2025-08-18 15:10:46,682 - INFO - [SUCCESS] Read values: [0, 0, 0, 0, 0, -848, 1564, 13984, -591, -134, -161]
2025-08-18 15:10:46,784 - INFO - [SUCCESS] Read values: [0, 0, 0, 0, 0, -792, 1632, 13844, -575, -133, -142]
2025-08-18 15:10:46,887 - INFO - [SUCCESS] Read values: [0, 0, 0, 0, 0, -836, 1588, 13752, -602, -181, -155]
2025-08-18 15:10:46,988 - INFO - [SUCCESS] Read values: [0, 0, 0, 0, 0, -812, 1516, 13772, -603, -160, -124]
2025-08-18 15:10:47,090 - INFO - [SUCCESS] Read values: [0, 0, 0, 0, 0, -708, 1568, 13740, -576, -153, -143]
2025-08-18 15:10:47,192 - INFO - [SUCCESS] Read values: [0, 0, 0, 0, 0, -844, 1536, 13856, -561, -168, -149]
2025-08-18 15:10:47,295 - INFO - [SUCCESS] Read values: [0, 0, 0, 0, 0, -900, 1424, 13792, -582, -150, -184]
2025-08-18 15:10:47,396 - INFO - [SUCCESS] Read values: [0, 0, 0, 0, 0, -864, 1396, 13676, -625, -144, -299]
2025-08-18 15:10:47,498 - INFO - [SUCCESS] Read values: [0, 0, 0, 0, 0, -772, 1596, 13716, -580, -153, -142]
2025-08-18 15:10:47,601 - INFO - [SUCCESS] Read values: [0, 0, 0, 0, 0, -780, 1496, 13748, -588, -162, -162]
2025-08-18 15:10:47,703 - INFO - [SUCCESS] Read values: [0, 0, 0, 0, 0, -760, 1496, 13724, -578, -181, -167]
2025-08-18 15:10:47,804 - INFO - [SUCCESS] Read values: [0, 0, 0, 0, 0, -892, 1568, 13936, -580, -139, -149]
2025-08-18 15:10:47,906 - INFO - [SUCCESS] Read values: [0, 0, 0, 0, 0, -856, 1608, 13804, -568, -156, -133]
2025-08-18 15:10:48,008 - INFO - [SUCCESS] Read values: [0, 0, 0, 0, 0, -824, 1580, 13764, -594, -159, -178]
2025-08-18 15:10:48,110 - INFO - [SUCCESS] Read values: [0, 0, 0, 0, 0, -904, 1856, 13748, -562, -204, -217]
2025-08-18 15:10:48,213 - INFO - [SUCCESS] Read values: [0, 0, 0, 0, 0, -860, 1476, 13724, -558, -165, -162]
2025-08-18 15:10:48,314 - INFO - [SUCCESS] Read values: [0, 0, 0, 0, 0, -696, 1760, 13724, -613, -168, -187]
2025-08-18 15:10:48,416 - INFO - [SUCCESS] Read values: [0, 0, 0, 0, 0, -812, 1576, 13748, -586, -132, -132]
2025-08-18 15:10:48,518 - INFO - [SUCCESS] Read values: [0, 0, 0, 0, 0, -828, 1592, 13780, -595, -164, -152]
2025-08-18 15:10:48,620 - INFO - [SUCCESS] Read values: [0, 0, 0, 0, 0, -788, 1564, 13868, -588, -116, -154]
2025-08-18 15:10:48,722 - INFO - [SUCCESS] Read values: [0, 0, 0, 0, 0, -796, 1540, 13804, -596, -179, -136]
2025-08-18 15:10:48,824 - INFO - [SUCCESS] Read values: [0, 0, 0, 0, 0, -752, 1500, 13760, -587, -135, -163]
2025-08-18 15:10:48,926 - INFO - [SUCCESS] Read values: [0, 0, 0, 0, 0, -780, 1712, 13676, -590, -123, -166]
2025-08-18 15:10:49,028 - INFO - [SUCCESS] Read values: [0, 0, 0, 0, 0, -840, 1772, 13680, -611, -162, -136]
2025-08-18 15:10:49,131 - INFO - [SUCCESS] Read values: [0, 0, 0, 0, 0, -788, 1580, 14072, -640, -155, -170]
2025-08-18 15:10:49,232 - INFO - [SUCCESS] Read values: [0, 0, 0, 0, 0, -852, 1740, 13588, -611, -159, -195]
2025-08-18 15:10:49,335 - INFO - [SUCCESS] Read values: [0, 0, 0, 0, 0, -948, 1712, 13732, -600, -164, -203]
2025-08-18 15:10:49,436 - INFO - [SUCCESS] Read values: [0, 0, 0, 0, 0, -680, 1696, 13780, -592, -148, -168]
2025-08-18 15:10:49,539 - INFO - [SUCCESS] Read values: [0, 0, 0, 0, 0, -812, 1616, 13872, -601, -146, -169]
2025-08-18 15:10:49,641 - INFO - [SUCCESS] Read values: [0, 0, 0, 0, 0, -844, 1660, 13960, -635, -148, -155]
2025-08-18 15:10:49,742 - INFO - [SUCCESS] Read values: [0, 0, 0, 0, 0, -768, 1564, 13768, -609, -163, -148]
2025-08-18 15:10:49,845 - INFO - [SUCCESS] Read values: [0, 0, 0, 0, 0, -828, 1512, 13792, -539, -147, -167]
2025-08-18 15:10:49,946 - INFO - [SUCCESS] Read values: [0, 0, 0, 0, 0, -744, 1536, 13748, -590, -140, -147]
2025-08-18 15:10:50,048 - INFO - [SUCCESS] Read values: [0, 0, 0, 0, 0, -924, 1536, 13628, -571, -137, -171]
2025-08-18 15:10:50,151 - INFO - [SUCCESS] Read values: [0, 0, 0, 0, 0, -792, 1512, 13760, -602, -127, -140]
2025-08-18 15:10:50,253 - INFO - [SUCCESS] Read values: [0, 0, 0, 0, 0, -884, 1620, 13804, -597, -153, -162]
2025-08-18 15:10:50,355 - INFO - [SUCCESS] Read values: [0, 0, 0, 0, 0, -916, 1532, 13792, -605, -146, -140]
2025-08-18 15:10:50,456 - INFO - [SUCCESS] Read values: [0, 0, 0, 0, 0, -972, 1404, 13888, -582, -157, -79]
2025-08-18 15:10:50,558 - INFO - [SUCCESS] Read values: [0, 0, 0, 0, 0, -924, 1548, 13784, -577, -168, -161]
2025-08-18 15:10:50,661 - INFO - [SUCCESS] Read values: [0, 0, 0, 0, 0, -852, 1476, 13844, -579, -164, -134]
2025-08-18 15:10:50,762 - INFO - [SUCCESS] Read values: [0, 0, 0, 0, 0, -784, 1508, 13796, -605, -168, -149]
2025-08-18 15:10:50,864 - INFO - [SUCCESS] Read values: [0, 0, 0, 0, 0, -864, 1500, 13756, -614, -139, -143]
2025-08-18 15:10:50,967 - INFO - [SUCCESS] Read values: [0, 0, 0, 0, 0, -896, 1568, 13840, -559, -120, -179]
2025-08-18 15:10:51,068 - INFO - [SUCCESS] Read values: [0, 0, 0, 0, 0, -732, 1580, 13984, -602, -157, -164]
2025-08-18 15:10:51,170 - INFO - [SUCCESS] Read values: [0, 0, 0, 0, 0, -812, 1536, 13876, -573, -133, -174]
2025-08-18 15:10:51,272 - INFO - [SUCCESS] Read values: [0, 0, 0, 0, 0, -904, 1540, 13804, -618, -170, -166]
2025-08-18 15:10:51,375 - INFO - [SUCCESS] Read values: [0, 0, 0, 0, 0, -916, 1608, 13684, -588, -155, -144]
2025-08-18 15:10:51,476 - INFO - [SUCCESS] Read values: [0, 0, 0, 0, 0, -828, 1668, 13904, -599, -138, -192]
2025-08-18 15:10:51,578 - INFO - [SUCCESS] Read values: [0, 0, 0, 0, 0, -872, 1540, 13836, -567, -124, -144]
2025-08-18 15:10:51,680 - INFO - [SUCCESS] Read values: [0, 0, 0, 0, 0, -880, 1544, 13892, -577, -146, -138]
2025-08-18 15:10:51,783 - INFO - [SUCCESS] Read values: [0, 0, 0, 0, 0, -760, 1480, 13688, -599, -145, -169]
2025-08-18 15:10:51,884 - INFO - [SUCCESS] Read values: [0, 0, 0, 0, 0, -820, 1516, 13816, -599, -148, -142]
2025-08-18 15:10:51,986 - INFO - [SUCCESS] Read values: [0, 0, 0, 0, 0, -912, 1496, 13704, -596, -151, -138]
2025-08-18 15:10:52,089 - INFO - [SUCCESS] Read values: [0, 0, 0, 0, 0, -896, 1672, 13864, -568, -162, -141]
2025-08-18 15:10:52,191 - INFO - [SUCCESS] Read values: [0, 0, 0, 0, 0, -816, 1620, 13724, -594, -149, -166]
2025-08-18 15:10:52,293 - INFO - [SUCCESS] Read values: [0, 0, 0, 0, 0, -876, 1632, 13844, -592, -135, -179]
2025-08-18 15:10:52,395 - INFO - [SUCCESS] Read values: [0, 0, 0, 0, 0, -780, 1584, 13880, -556, -155, -156]
2025-08-18 15:10:52,496 - INFO - [SUCCESS] Read values: [0, 0, 0, 0, 0, -860, 1484, 13748, -550, -165, -152]
2025-08-18 15:10:52,598 - INFO - [SUCCESS] Read values: [0, 0, 0, 0, 0, -804, 1528, 13704, -609, -160, -173]
2025-08-18 15:10:52,696 - INFO - Stopped by user.
2025-08-18 15:10:52,697 - INFO - Triggering model training...
2025-08-18 15:10:56,733 - ERROR - Error triggering training: HTTPConnectionPool(host='localhost', port=8080): Max retries exceeded with url: /training/trigger (Caused by NewConnectionError('<urllib3.connection.HTTPConnection object at 0x0000028A820B9FD0>: Failed to establish a new connection: [WinError 10061] No connection could be made because the target machine actively refused it'))
2025-08-18 15:10:56,737 - INFO - Serial connection closed.
2025-08-18 15:11:36,209 - INFO - Connected to COM5 successfully!
2025-08-18 15:11:36,263 - INFO - [SUCCESS] Read values: [0, 0, 0, 0, 0, -960, 1576, 13880, -598, -163, -146]
2025-08-18 15:11:36,364 - INFO - [SUCCESS] Read values: [0, 0, 0, 0, 0, -1116, 1420, 13824, -590, -176, -163]
2025-08-18 15:11:36,466 - INFO - [SUCCESS] Read values: [0, 0, 0, 0, 0, -900, 1460, 13684, -594, -153, -158]
2025-08-18 15:11:36,569 - INFO - [SUCCESS] Read values: [0, 0, 0, 0, 0, -856, 1488, 13912, -595, -153, -139]
2025-08-18 15:11:36,671 - INFO - [SUCCESS] Read values: [0, 0, 0, 0, 0, -896, 1464, 13744, -597, -150, -149]
2025-08-18 15:11:36,773 - INFO - [SUCCESS] Read values: [0, 0, 0, 0, 0, -976, 1472, 13640, -581, -135, -148]
2025-08-18 15:11:36,875 - INFO - [SUCCESS] Read values: [0, 0, 0, 0, 0, -980, 1504, 13884, -595, -142, -163]
2025-08-18 15:11:36,977 - INFO - [SUCCESS] Read values: [0, 0, 0, 0, 0, -1100, 1472, 13512, -571, -175, -151]
2025-08-18 15:11:37,079 - INFO - [SUCCESS] Read values: [0, 0, 0, 0, 0, -1000, 1508, 13940, -597, -149, -149]
2025-08-18 15:11:37,181 - INFO - [SUCCESS] Read values: [0, 0, 0, 0, 0, -664, 1504, 13904, -594, -145, -148]
2025-08-18 15:11:37,283 - INFO - [SUCCESS] Read values: [0, 0, 0, 0, 0, -1184, 1492, 13528, -573, -133, -147]
2025-08-18 15:11:37,385 - INFO - [SUCCESS] Read values: [0, 0, 0, 0, 0, -1180, 1500, 13660, -576, -153, -149]
2025-08-18 15:11:37,487 - INFO - [SUCCESS] Read values: [0, 0, 0, 0, 0, -980, 1352, 13484, -578, -155, -148]
2025-08-18 15:11:37,589 - INFO - [SUCCESS] Read values: [0, 0, 0, 0, 0, -1104, 1340, 13580, -562, -118, -147]
2025-08-18 15:11:37,691 - INFO - [SUCCESS] Read values: [0, 0, 0, 0, 0, -916, 1396, 14060, -606, -118, -155]
2025-08-18 15:11:37,793 - INFO - [SUCCESS] Read values: [0, 0, 0, 0, 0, -980, 1488, 13804, -596, -130, -180]
2025-08-18 15:11:37,895 - INFO - [SUCCESS] Read values: [0, 0, 0, 0, 0, -1204, 1400, 13660, -570, -166, -145]
2025-08-18 15:11:37,997 - INFO - [SUCCESS] Read values: [0, 0, 0, 0, 0, -1100, 1304, 13952, -627, -153, -141]
2025-08-18 15:11:38,099 - INFO - [SUCCESS] Read values: [0, 0, 0, 0, 0, -1016, 1380, 13784, -581, -186, -155]
2025-08-18 15:11:38,201 - INFO - [SUCCESS] Read values: [0, 0, 0, 0, 0, -1020, 1436, 13524, -580, -106, -157]
2025-08-18 15:11:38,303 - INFO - [SUCCESS] Read values: [0, 0, 0, 0, 0, -816, 1360, 13924, -589, -165, -143]
2025-08-18 15:11:38,405 - INFO - [SUCCESS] Read values: [0, 0, 0, 0, 0, -1040, 1496, 13624, -599, -130, -164]
2025-08-18 15:11:38,507 - INFO - [SUCCESS] Read values: [0, 0, 0, 0, 0, -1080, 1504, 13692, -587, -143, -156]
2025-08-18 15:11:38,609 - INFO - [SUCCESS] Read values: [0, 0, 0, 0, 0, -980, 1492, 13960, -602, -151, -180]
2025-08-18 15:11:38,711 - INFO - [SUCCESS] Read values: [0, 0, 0, 0, 0, -848, 1552, 13732, -613, -146, -146]
2025-08-18 15:11:38,813 - INFO - [SUCCESS] Read values: [0, 0, 0, 0, 0, -1004, 1616, 13808, -589, -129, -183]
2025-08-18 15:11:38,915 - INFO - [SUCCESS] Read values: [0, 0, 0, 0, 0, -896, 1640, 13908, -604, -119, -110]
2025-08-18 15:11:39,017 - INFO - [SUCCESS] Read values: [0, 0, 0, 0, 4, -1144, 1500, 13524, -569, -150, -170]
2025-08-18 15:11:39,119 - INFO - [SUCCESS] Read values: [0, 0, 0, 0, 0, -1252, 1520, 13852, -585, -182, -144]
2025-08-18 15:11:39,221 - INFO - [SUCCESS] Read values: [0, 0, 0, 0, 0, -964, 1432, 13764, -574, -104, -212]
2025-08-18 15:11:39,323 - INFO - [SUCCESS] Read values: [0, 0, 0, 0, 224, -800, 1220, 13992, -616, -162, -489]
2025-08-18 15:11:39,425 - INFO - [SUCCESS] Read values: [0, 0, 0, 0, 258, -1068, 1364, 13844, -560, -154, -437]
2025-08-18 15:11:39,527 - INFO - [SUCCESS] Read values: [0, 0, 0, 0, 10, -1164, 1384, 13736, -572, -144, -170]
2025-08-18 15:11:39,629 - INFO - [SUCCESS] Read values: [0, 0, 0, 0, 96, -1012, 1508, 13936, -562, -136, -165]
2025-08-18 15:11:39,731 - INFO - [SUCCESS] Read values: [0, 0, 0, 0, 76, -744, 1520, 13964, -595, -166, -135]
2025-08-18 15:11:39,832 - INFO - [SUCCESS] Read values: [0, 0, 0, 0, 45, -1104, 1364, 13556, -607, -158, -158]
2025-08-18 15:11:39,935 - INFO - [SUCCESS] Read values: [0, 0, 0, 0, 30, -936, 1424, 14024, -612, -117, -140]
2025-08-18 15:11:40,037 - INFO - [SUCCESS] Read values: [0, 0, 0, 0, 87, -916, 1392, 13752, -588, -176, -173]
2025-08-18 15:11:40,139 - INFO - [SUCCESS] Read values: [0, 0, 0, 0, 78, -1172, 1428, 13808, -528, -140, -130]
2025-08-18 15:11:40,241 - INFO - [SUCCESS] Read values: [0, 0, 0, 0, 72, -996, 1304, 14044, -642, -175, -152]
2025-08-18 15:11:40,321 - ERROR - WebSocket error: [WinError 1225] The remote computer refused the network connection
2025-08-18 15:11:40,342 - INFO - [SUCCESS] Read values: [0, 0, 0, 0, 80, -1004, 1420, 13784, -571, -126, -176]
2025-08-18 15:11:40,445 - INFO - [SUCCESS] Read values: [0, 0, 0, 0, 157, -1088, 1580, 13776, -528, -176, -141]
2025-08-18 15:11:40,547 - INFO - [SUCCESS] Read values: [0, 0, 0, 0, 176, -1076, 1312, 14120, -607, -134, -151]
2025-08-18 15:11:40,648 - INFO - [SUCCESS] Read values: [0, 0, 0, 0, 95, -932, 1300, 13928, -604, -117, -169]
2025-08-18 15:11:40,751 - INFO - [SUCCESS] Read values: [0, 0, 0, 0, 82, -1100, 1256, 13756, -638, -149, -159]
2025-08-18 15:11:40,853 - INFO - [SUCCESS] Read values: [0, 0, 0, 0, 41, -928, 1332, 13844, -566, -220, -124]
2025-08-18 15:11:40,954 - INFO - [SUCCESS] Read values: [0, 0, 0, 0, 64, -1048, 1592, 13712, -621, -139, -160]
2025-08-18 15:11:41,057 - INFO - [SUCCESS] Read values: [0, 0, 0, 0, 0, -1076, 1452, 13800, -609, -161, -145]
2025-08-18 15:11:41,158 - INFO - [SUCCESS] Read values: [0, 0, 0, 0, 0, -1120, 1412, 13808, -580, -145, -128]
2025-08-18 15:11:41,260 - INFO - [SUCCESS] Read values: [0, 0, 0, 0, 0, -928, 1392, 13744, -597, -154, -154]
2025-08-18 15:11:41,362 - INFO - [SUCCESS] Read values: [0, 0, 0, 0, 0, -1068, 1624, 14040, -604, -137, -154]
2025-08-18 15:11:41,464 - INFO - [SUCCESS] Read values: [0, 0, 0, 0, 0, -896, 1408, 13580, -595, -165, -147]
2025-08-18 15:11:41,566 - INFO - [SUCCESS] Read values: [0, 0, 0, 0, 0, -924, 1480, 13732, -613, -162, -341]
2025-08-18 15:11:41,669 - INFO - [SUCCESS] Read values: [0, 0, 0, 0, 0, -1172, 1432, 13752, -625, -121, -152]
2025-08-18 15:11:41,771 - INFO - [SUCCESS] Read values: [0, 0, 0, 0, 0, -1056, 1328, 13756, -555, -162, -144]
2025-08-18 15:11:41,872 - INFO - [SUCCESS] Read values: [0, 0, 0, 0, 0, -728, 1428, 13848, -595, -140, -164]
2025-08-18 15:11:41,974 - INFO - [SUCCESS] Read values: [0, 0, 0, 0, 0, -916, 1288, 13836, -549, -214, -153]
2025-08-18 15:11:42,077 - INFO - [SUCCESS] Read values: [0, 0, 0, 0, 0, -1120, 1360, 13760, -596, -128, -163]
2025-08-18 15:11:42,178 - INFO - [SUCCESS] Read values: [0, 0, 0, 0, 0, -1032, 1520, 13928, -547, -150, -159]
2025-08-18 15:11:42,280 - INFO - [SUCCESS] Read values: [0, 0, 0, 0, 0, -736, 1300, 13688, -580, -176, -151]
2025-08-18 15:11:42,382 - INFO - [SUCCESS] Read values: [0, 0, 0, 0, 0, -972, 1380, 13788, -526, -174, -159]
2025-08-18 15:11:42,484 - INFO - [SUCCESS] Read values: [0, 0, 0, 0, 0, -848, 1536, 14084, -604, -126, -171]
2025-08-18 15:11:42,587 - INFO - [SUCCESS] Read values: [0, 0, 0, 0, 0, -1100, 1408, 13740, -571, -141, -154]
2025-08-18 15:11:42,689 - INFO - [SUCCESS] Read values: [0, 0, 0, 0, 0, -1340, 1360, 13560, -578, -157, -140]
2025-08-18 15:11:42,791 - INFO - [SUCCESS] Read values: [0, 0, 0, 0, 0, -1204, 1364, 13792, -588, -143, -144]
2025-08-18 15:11:42,893 - INFO - [SUCCESS] Read values: [0, 0, 0, 0, 0, -1012, 1400, 13836, -585, -154, -160]
2025-08-18 15:11:42,995 - INFO - [SUCCESS] Read values: [0, 0, 0, 0, 0, -1104, 1564, 13816, -545, -152, -149]
2025-08-18 15:11:43,096 - INFO - [SUCCESS] Read values: [0, 0, 0, 0, 0, -952, 1304, 13796, -616, -137, -161]
2025-08-18 15:11:43,199 - INFO - [SUCCESS] Read values: [0, 0, 0, 0, 0, -1180, 1540, 13780, -595, -148, -150]
2025-08-18 15:11:43,301 - INFO - [SUCCESS] Read values: [0, 0, 0, 0, 0, -1180, 1504, 13516, -572, -137, -141]
2025-08-18 15:11:43,402 - INFO - [SUCCESS] Read values: [0, 0, 0, 0, 0, -928, 1408, 13820, -595, -138, -140]
2025-08-18 15:11:43,504 - INFO - [SUCCESS] Read values: [0, 0, 0, 0, 0, -848, 1428, 13696, -605, -143, -158]
2025-08-18 15:11:43,606 - INFO - [SUCCESS] Read values: [0, 0, 0, 149, 0, -872, 1644, 13852, -663, -133, -73]
2025-08-18 15:11:43,709 - INFO - [SUCCESS] Read values: [0, 0, 0, 165, 0, -1192, 1348, 13924, -566, -143, -168]
2025-08-18 15:11:43,811 - INFO - [SUCCESS] Read values: [0, 0, 0, 95, 0, -1068, 1404, 13796, -568, -129, -174]
2025-08-18 15:11:43,913 - INFO - [SUCCESS] Read values: [0, 0, 0, 155, 0, -880, 1388, 13864, -593, -158, -168]
2025-08-18 15:11:44,015 - INFO - [SUCCESS] Read values: [0, 0, 0, 754, 0, -1148, 1400, 13584, -531, -178, -366]
2025-08-18 15:11:44,117 - INFO - [SUCCESS] Read values: [0, 0, 0, 989, 3, -1348, 1580, 14016, -586, -251, -1250]
2025-08-18 15:11:44,219 - INFO - [SUCCESS] Read values: [0, 0, 0, 1088, 0, -752, 1616, 13708, -552, -157, -244]
2025-08-18 15:11:44,321 - INFO - [SUCCESS] Read values: [0, 0, 0, 1452, 0, -848, 1744, 13476, -663, -177, -350]
2025-08-18 15:11:44,423 - INFO - [SUCCESS] Read values: [0, 0, 0, 1684, 0, -1036, 1456, 13872, -572, -172, -158]
2025-08-18 15:11:44,525 - INFO - [SUCCESS] Read values: [0, 0, 0, 1669, 0, -904, 1468, 13776, -614, -127, -134]
2025-08-18 15:11:44,627 - INFO - [SUCCESS] Read values: [0, 0, 0, 1771, 0, -1048, 1300, 13612, -565, -138, -149]
2025-08-18 15:11:44,729 - INFO - [SUCCESS] Read values: [0, 0, 0, 1591, 0, -1112, 1312, 14080, -611, -179, -153]
2025-08-18 15:11:44,831 - INFO - [SUCCESS] Read values: [0, 0, 0, 609, 0, -1056, 1396, 13844, -633, -146, -152]
2025-08-18 15:11:44,932 - INFO - [SUCCESS] Read values: [0, 0, 0, 0, 0, -1156, 1512, 13512, -579, -169, -137]
2025-08-18 15:11:45,034 - INFO - [SUCCESS] Read values: [0, 0, 0, 0, 0, -932, 1316, 13916, -601, -128, -145]
2025-08-18 15:11:45,136 - INFO - [SUCCESS] Read values: [0, 0, 0, 0, 0, -1100, 1396, 13732, -592, -142, -161]
2025-08-18 15:11:45,238 - INFO - [SUCCESS] Read values: [0, 0, 0, 0, 0, -1196, 1484, 13832, -533, -147, -148]
2025-08-18 15:11:45,341 - INFO - [SUCCESS] Read values: [0, 0, 0, 0, 138, -1100, 1368, 13856, -562, -132, -146]
2025-08-18 15:11:45,442 - INFO - [SUCCESS] Read values: [0, 0, 0, 0, 105, -1188, 1448, 13652, -610, -167, -166]
2025-08-18 15:11:45,544 - INFO - [SUCCESS] Read values: [0, 0, 0, 0, 0, -1060, 1508, 13728, -570, -167, -143]
2025-08-18 15:11:45,646 - INFO - [SUCCESS] Read values: [0, 0, 0, 0, 0, -1032, 1388, 14128, -634, -118, -152]
2025-08-18 15:11:45,749 - INFO - [SUCCESS] Read values: [0, 0, 371, 0, 0, -1024, 1492, 13788, -562, -167, -147]
2025-08-18 15:11:45,850 - INFO - [SUCCESS] Read values: [0, 0, 1059, 0, 0, -652, 904, 14484, -534, -73, -66]
2025-08-18 15:11:45,953 - INFO - [SUCCESS] Read values: [0, 0, 1237, 0, 0, -1228, 1260, 13824, -595, -162, -147]
2025-08-18 15:11:46,055 - INFO - [SUCCESS] Read values: [0, 0, 1715, 0, 0, -988, 1344, 13828, -531, -145, -197]
2025-08-18 15:11:46,157 - INFO - [SUCCESS] Read values: [0, 0, 1373, 0, 0, -928, 1436, 13916, -603, -111, -157]
2025-08-18 15:11:46,259 - INFO - [SUCCESS] Read values: [0, 0, 1563, 0, 0, -1000, 1364, 13732, -592, -137, -146]
2025-08-18 15:11:46,361 - INFO - [SUCCESS] Read values: [0, 0, 1319, 0, 0, -1044, 1428, 13548, -580, -142, -171]
2025-08-18 15:11:46,463 - INFO - [SUCCESS] Read values: [0, 0, 1399, 0, 0, -924, 1472, 13752, -589, -156, -151]
2025-08-18 15:11:46,565 - INFO - [SUCCESS] Read values: [0, 0, 1266, 0, 0, -1080, 1452, 13720, -557, -140, -130]
2025-08-18 15:11:46,667 - INFO - [SUCCESS] Read values: [0, 0, 658, 0, 0, -936, 1264, 14220, -617, -153, -155]
2025-08-18 15:11:46,768 - INFO - [SUCCESS] Read values: [0, 0, 0, 0, 0, -1028, 1588, 13148, -595, -123, -166]
2025-08-18 15:11:46,870 - INFO - [SUCCESS] Read values: [0, 0, 0, 0, 0, -1252, 1388, 13472, -555, -166, -148]
2025-08-18 15:11:46,973 - INFO - [SUCCESS] Read values: [0, 0, 0, 0, 0, -1104, 1344, 13872, -568, -130, -150]
2025-08-18 15:11:47,074 - INFO - [SUCCESS] Read values: [0, 0, 0, 0, 0, -924, 1452, 13716, -593, -148, -172]
2025-08-18 15:11:47,176 - INFO - [SUCCESS] Read values: [0, 0, 0, 0, 0, -1032, 1400, 13584, -547, -150, -138]
2025-08-18 15:11:47,278 - INFO - [SUCCESS] Read values: [0, 0, 0, 0, 0, -1028, 1244, 13948, -584, -151, -161]
2025-08-18 15:11:47,380 - INFO - [SUCCESS] Read values: [0, 0, 0, 0, 0, -1008, 1272, 13800, -611, -133, -164]
2025-08-18 15:11:47,482 - INFO - [SUCCESS] Read values: [0, 0, 0, 0, 0, -1248, 1268, 13764, -607, -139, -134]
2025-08-18 15:11:47,584 - INFO - [SUCCESS] Read values: [0, 0, 0, 0, 0, -1144, 1104, 14312, -641, -159, -151]
2025-08-18 15:11:47,686 - INFO - [SUCCESS] Read values: [0, 0, 0, 0, 0, -980, 1352, 13644, -603, -161, -171]
2025-08-18 15:11:47,788 - INFO - [SUCCESS] Read values: [0, 0, 0, 0, 0, -1036, 1392, 13668, -558, -168, -159]
2025-08-18 15:11:47,891 - INFO - [SUCCESS] Read values: [0, 0, 0, 0, 0, -1064, 1368, 13924, -585, -161, -162]
2025-08-18 15:11:47,992 - INFO - [SUCCESS] Read values: [0, 0, 0, 0, 0, -1152, 1340, 13752, -613, -163, -148]
2025-08-18 15:11:48,094 - INFO - [SUCCESS] Read values: [0, 0, 0, 0, 0, -1092, 1476, 13776, -561, -130, -143]
2025-08-18 15:11:48,196 - INFO - [SUCCESS] Read values: [0, 0, 0, 0, 0, -1032, 1392, 13892, -623, -166, -143]
2025-08-18 15:11:48,298 - INFO - [SUCCESS] Read values: [0, 0, 0, 0, 0, -848, 1468, 13604, -588, -150, -142]
2025-08-18 15:11:48,401 - INFO - [SUCCESS] Read values: [0, 0, 0, 232, 0, -1008, 1512, 13796, -587, -149, -156]
2025-08-18 15:11:48,503 - INFO - [SUCCESS] Read values: [0, 0, 0, 547, 0, -1212, 1360, 13608, -587, -173, -174]
2025-08-18 15:11:48,605 - INFO - [SUCCESS] Read values: [965, 16, 0, 1015, 233, -984, 1324, 13732, -568, -149, -177]
2025-08-18 15:11:48,707 - INFO - [SUCCESS] Read values: [1659, 34, 0, 928, 265, -1864, 456, 13792, -316, -165, -930]
2025-08-18 15:11:48,809 - INFO - [SUCCESS] Read values: [1238, 0, 0, 1287, 0, -664, 1552, 13600, -656, -193, -1050]
2025-08-18 15:11:48,911 - INFO - [SUCCESS] Read values: [416, 0, 0, 1091, 0, -1016, 1376, 13736, -572, -167, -140]
2025-08-18 15:11:49,013 - INFO - [SUCCESS] Read values: [269, 0, 0, 1023, 0, -1216, 1480, 13852, -607, -161, -135]
2025-08-18 15:11:49,115 - INFO - [SUCCESS] Read values: [251, 0, 0, 1088, 21, -1228, 1380, 13652, -562, -165, -125]
2025-08-18 15:11:49,217 - INFO - [SUCCESS] Read values: [463, 0, 0, 1069, 123, -876, 1396, 13920, -571, -137, -186]
2025-08-18 15:11:49,319 - INFO - [SUCCESS] Read values: [566, 2, 0, 1008, 112, -1120, 1388, 14180, -439, -89, -2198]
2025-08-18 15:11:49,421 - INFO - [SUCCESS] Read values: [458, 0, 0, 1041, 159, -936, 948, 13412, -478, -121, -1320]
2025-08-18 15:11:49,523 - INFO - [SUCCESS] Read values: [427, 0, 0, 1037, 259, -968, 1480, 13720, -594, -156, -542]
2025-08-18 15:11:49,625 - INFO - [SUCCESS] Read values: [296, 0, 0, 688, 74, -1164, 1324, 13800, -585, -139, -162]
2025-08-18 15:11:49,727 - INFO - [SUCCESS] Read values: [251, 0, 0, 770, 0, -1336, 1212, 13736, -544, -137, -165]
2025-08-18 15:11:49,829 - INFO - [SUCCESS] Read values: [169, 0, 0, 597, 0, -1076, 1288, 13736, -565, -175, -175]
2025-08-18 15:11:49,931 - INFO - [SUCCESS] Read values: [111, 0, 0, 672, 0, -1052, 1228, 13692, -565, -137, -191]
2025-08-18 15:11:50,033 - INFO - [SUCCESS] Read values: [0, 0, 0, 272, 0, -1360, 1372, 13696, -555, -110, -142]
2025-08-18 15:11:50,134 - INFO - [SUCCESS] Read values: [0, 0, 0, 0, 0, -1376, 1300, 13872, -590, -207, -138]
2025-08-18 15:11:50,236 - INFO - [SUCCESS] Read values: [0, 0, 0, 0, 0, -1216, 1312, 13880, -569, -125, -164]
2025-08-18 15:11:50,337 - INFO - [SUCCESS] Read values: [0, 0, 0, 0, 0, -1200, 1372, 13968, -597, -147, -158]
2025-08-18 15:11:50,440 - INFO - [SUCCESS] Read values: [0, 0, 0, 0, 0, -1172, 1216, 13936, -590, -145, -172]
2025-08-18 15:11:50,542 - INFO - [SUCCESS] Read values: [0, 0, 0, 0, 0, -1212, 1248, 13768, -587, -156, -165]
2025-08-18 15:11:50,644 - INFO - [SUCCESS] Read values: [0, 0, 0, 0, 0, -1388, 1472, 13656, -560, -143, -152]
2025-08-18 15:11:50,746 - INFO - [SUCCESS] Read values: [0, 0, 0, 0, 0, -1176, 1148, 13660, -600, -141, -149]
2025-08-18 15:11:50,848 - INFO - [SUCCESS] Read values: [0, 0, 39, 0, 0, -912, 1308, 13716, -604, -152, -169]
2025-08-18 15:11:50,951 - INFO - [SUCCESS] Read values: [141, 0, 0, 0, 0, -1048, 1344, 13940, -601, -163, -153]
2025-08-18 15:11:51,052 - INFO - [SUCCESS] Read values: [189, 0, 0, 0, 0, -1288, 1320, 13832, -571, -178, -168]
2025-08-18 15:11:51,154 - INFO - [SUCCESS] Read values: [0, 0, 0, 0, 0, -1148, 1288, 13624, -542, -164, -158]
2025-08-18 15:11:51,256 - INFO - [SUCCESS] Read values: [0, 0, 458, 0, 0, -996, 1260, 13916, -625, -165, -138]
2025-08-18 15:11:51,359 - INFO - [SUCCESS] Read values: [0, 0, 790, 0, 0, -1272, 1248, 13660, -596, -137, -127]
2025-08-18 15:11:51,460 - INFO - [SUCCESS] Read values: [0, 0, 691, 0, 0, -916, 1332, 13788, -580, -151, -153]
2025-08-18 15:11:51,563 - INFO - [SUCCESS] Read values: [0, 0, 1023, 0, 0, -1072, 1368, 13856, -585, -152, -150]
2025-08-18 15:11:51,665 - INFO - [SUCCESS] Read values: [304, 0, 561, 0, 0, -1348, 1336, 13548, -554, -147, -147]
2025-08-18 15:11:51,766 - INFO - [SUCCESS] Read values: [256, 0, 0, 0, 0, -1224, 1200, 13944, -598, -138, -139]
2025-08-18 15:11:51,868 - INFO - [SUCCESS] Read values: [0, 0, 0, 0, 0, -1136, 1224, 13596, -601, -175, -173]
2025-08-18 15:11:51,970 - INFO - [SUCCESS] Read values: [0, 0, 0, 0, 0, -1180, 1264, 13588, -551, -180, -150]
2025-08-18 15:11:52,072 - INFO - [SUCCESS] Read values: [0, 0, 0, 0, 0, -1424, 860, 13524, -585, -182, 301]
2025-08-18 15:11:52,174 - INFO - [SUCCESS] Read values: [0, 0, 0, 0, 0, -2012, 920, 14076, -758, -242, 1470]
2025-08-18 15:11:52,276 - INFO - [SUCCESS] Read values: [0, 0, 0, 0, 0, -1304, 1396, 13744, -549, -138, -149]
2025-08-18 15:11:52,378 - INFO - [SUCCESS] Read values: [0, 0, 0, 0, 0, -1056, 1208, 13824, -577, -138, -135]
2025-08-18 15:11:52,480 - INFO - [SUCCESS] Read values: [0, 0, 0, 0, 0, -600, 1480, 12012, -470, -151, 1966]
2025-08-18 15:11:52,582 - INFO - [SUCCESS] Read values: [0, 0, 58, 0, 0, -1192, 1456, 15192, -742, -268, 3466]
2025-08-18 15:11:52,684 - INFO - [SUCCESS] Read values: [80, 0, 352, 0, 0, -968, 1148, 11712, -367, 68, 2031]
2025-08-18 15:11:52,786 - INFO - [SUCCESS] Read values: [483, 0, 315, 0, 0, -368, 1360, 13796, -838, 100, 1778]
2025-08-18 15:11:52,888 - INFO - [SUCCESS] Read values: [0, 0, 403, 0, 0, -996, 1340, 13776, -636, -100, -184]
2025-08-18 15:11:52,990 - INFO - [SUCCESS] Read values: [0, 0, 0, 0, 0, -1320, 1520, 14108, -478, -225, 45]
2025-08-18 15:11:53,092 - INFO - [SUCCESS] Read values: [0, 0, 0, 0, 0, -964, 1596, 13568, -598, -132, -120]
2025-08-18 15:11:53,194 - INFO - [SUCCESS] Read values: [0, 0, 0, 0, 0, -936, 1420, 13748, -574, -162, -131]
2025-08-18 15:11:53,295 - INFO - [SUCCESS] Read values: [0, 0, 0, 0, 0, -924, 1452, 13868, -574, -169, -142]
2025-08-18 15:11:53,398 - INFO - [SUCCESS] Read values: [0, 0, 0, 0, 0, -976, 1464, 13880, -579, -120, -142]
2025-08-18 15:11:53,500 - INFO - [SUCCESS] Read values: [0, 0, 0, 0, 0, -996, 1548, 13780, -596, -121, -153]
2025-08-18 15:11:53,602 - INFO - [SUCCESS] Read values: [0, 0, 0, 0, 0, -928, 1532, 14016, -562, -145, -150]
2025-08-18 15:11:53,704 - INFO - [SUCCESS] Read values: [0, 0, 0, 0, 0, -892, 1272, 13948, -581, -141, -133]
2025-08-18 15:11:53,806 - INFO - [SUCCESS] Read values: [0, 0, 0, 0, 0, -928, 1528, 13828, -589, -157, -151]
2025-08-18 15:11:53,908 - INFO - [SUCCESS] Read values: [0, 0, 0, 0, 0, -664, 1464, 13828, -439, -235, 832]
2025-08-18 15:11:54,010 - INFO - [SUCCESS] Read values: [0, 0, 0, 0, 0, -896, 1512, 13748, -548, -144, -110]
2025-08-18 15:11:54,112 - INFO - [SUCCESS] Read values: [0, 0, 0, 0, 0, -808, 1600, 13568, -609, -154, -20]
2025-08-18 15:11:54,214 - INFO - [SUCCESS] Read values: [0, 0, 0, 0, 0, -832, 1536, 13784, -543, -172, -107]
2025-08-18 15:11:54,316 - INFO - [SUCCESS] Read values: [0, 0, 0, 0, 0, -840, 1524, 13856, -607, -132, -120]
2025-08-18 15:11:54,418 - INFO - [SUCCESS] Read values: [0, 0, 0, 0, 0, -928, 1548, 13764, -579, -152, -155]
2025-08-18 15:11:54,520 - INFO - [SUCCESS] Read values: [0, 0, 0, 0, 0, -836, 1588, 13812, -574, -161, -171]
2025-08-18 15:11:54,622 - INFO - [SUCCESS] Read values: [0, 0, 0, 0, 0, -808, 1484, 13828, -584, -152, -178]
2025-08-18 15:11:54,724 - INFO - [SUCCESS] Read values: [0, 0, 0, 0, 0, -960, 1604, 13784, -578, -153, -167]
2025-08-18 15:11:54,825 - INFO - [SUCCESS] Read values: [0, 0, 0, 0, 0, -932, 1468, 13736, -581, -131, -164]
2025-08-18 15:11:54,928 - INFO - [SUCCESS] Read values: [0, 0, 0, 0, 0, -912, 1504, 13832, -577, -157, -162]
2025-08-18 15:11:55,030 - INFO - [SUCCESS] Read values: [0, 0, 0, 0, 0, -892, 1428, 13848, -623, -153, -126]
2025-08-18 15:11:55,132 - INFO - [SUCCESS] Read values: [0, 0, 0, 0, 0, -872, 1508, 13888, -573, -179, -157]
2025-08-18 15:11:55,234 - INFO - [SUCCESS] Read values: [0, 0, 0, 0, 0, -808, 1576, 13692, -587, -156, -121]
2025-08-18 15:11:55,336 - INFO - [SUCCESS] Read values: [0, 0, 0, 0, 0, -828, 1596, 13700, -611, -183, -149]
2025-08-18 15:11:55,438 - INFO - [SUCCESS] Read values: [0, 0, 0, 0, 0, -848, 1568, 13820, -589, -177, -156]
2025-08-18 15:11:55,536 - INFO - Stopped by user.
2025-08-18 15:11:55,537 - INFO - Triggering model training...
2025-08-18 15:11:59,585 - ERROR - Error triggering training: HTTPConnectionPool(host='localhost', port=8080): Max retries exceeded with url: /training/trigger (Caused by NewConnectionError('<urllib3.connection.HTTPConnection object at 0x000002111117A750>: Failed to establish a new connection: [WinError 10061] No connection could be made because the target machine actively refused it'))
2025-08-18 15:11:59,588 - INFO - Serial connection closed.
